Analysis & Synthesis report for stopwatch
Wed Feb 25 15:22:55 2015
Quartus II 64-Bit Version 13.0.1 Build 232 06/12/2013 Service Pack 1 SJ Full Version


---------------------
; Table of Contents ;
---------------------
  1. Legal Notice
  2. Analysis & Synthesis Summary
  3. Analysis & Synthesis Settings
  4. Parallel Compilation
  5. Analysis & Synthesis Source Files Read
  6. Analysis & Synthesis Resource Usage Summary
  7. Analysis & Synthesis Resource Utilization by Entity
  8. Analysis & Synthesis IP Cores Summary
  9. General Register Statistics
 10. Parameter Settings for User Entity Instance: lpm_clshift0:inst9|lpm_clshift:LPM_CLSHIFT_component
 11. Parameter Settings for User Entity Instance: BCD_count:inst1|lpm_counter1:inst|lpm_counter:LPM_COUNTER_component
 12. Parameter Settings for User Entity Instance: BCD_count:inst1|lpm_counter1:inst2|lpm_counter:LPM_COUNTER_component
 13. Parameter Settings for User Entity Instance: BCD_count:inst1|lpm_compare1:inst1|lpm_compare:LPM_COMPARE_component
 14. Parameter Settings for User Entity Instance: BCD_count:inst1|lpm_counter1:inst4|lpm_counter:LPM_COUNTER_component
 15. Parameter Settings for User Entity Instance: BCD_count:inst1|lpm_compare1:inst3|lpm_compare:LPM_COMPARE_component
 16. Parameter Settings for User Entity Instance: BCD_count:inst1|lpm_counter1:inst6|lpm_counter:LPM_COUNTER_component
 17. Parameter Settings for User Entity Instance: BCD_count:inst1|lpm_compare1:inst5|lpm_compare:LPM_COMPARE_component
 18. Parameter Settings for User Entity Instance: BCD_count:inst1|lpm_compare1:inst7|lpm_compare:LPM_COMPARE_component
 19. Parameter Settings for User Entity Instance: clockdivide:inst|lpm_compare0:inst1|lpm_compare:LPM_COMPARE_component
 20. Parameter Settings for User Entity Instance: clockdivide:inst|lpm_counter0:inst|lpm_counter:LPM_COUNTER_component
 21. Parameter Settings for User Entity Instance: lpm_clshift0:inst10|lpm_clshift:LPM_CLSHIFT_component
 22. Parameter Settings for User Entity Instance: lpm_clshift0:inst11|lpm_clshift:LPM_CLSHIFT_component
 23. Parameter Settings for User Entity Instance: lpm_clshift0:inst12|lpm_clshift:LPM_CLSHIFT_component
 24. Elapsed Time Per Partition
 25. Analysis & Synthesis Messages



----------------
; Legal Notice ;
----------------
Copyright (C) 1991-2013 Altera Corporation
Your use of Altera Corporation's design tools, logic functions 
and other software and tools, and its AMPP partner logic 
functions, and any output files from any of the foregoing 
(including device programming or simulation files), and any 
associated documentation or information are expressly subject 
to the terms and conditions of the Altera Program License 
Subscription Agreement, Altera MegaCore Function License 
Agreement, or other applicable license agreement, including, 
without limitation, that your use is for the sole purpose of 
programming logic devices manufactured by Altera and sold by 
Altera or its authorized distributors.  Please refer to the 
applicable agreement for further details.



+---------------------------------------------------------------------------------------+
; Analysis & Synthesis Summary                                                          ;
+------------------------------------+--------------------------------------------------+
; Analysis & Synthesis Status        ; Successful - Wed Feb 25 15:22:54 2015            ;
; Quartus II 64-Bit Version          ; 13.0.1 Build 232 06/12/2013 SP 1 SJ Full Version ;
; Revision Name                      ; stopwatch                                        ;
; Top-level Entity Name              ; stopwatch                                        ;
; Family                             ; Cyclone III                                      ;
; Total logic elements               ; 94                                               ;
;     Total combinational functions  ; 94                                               ;
;     Dedicated logic registers      ; 65                                               ;
; Total registers                    ; 65                                               ;
; Total pins                         ; 33                                               ;
; Total virtual pins                 ; 0                                                ;
; Total memory bits                  ; 0                                                ;
; Embedded Multiplier 9-bit elements ; 0                                                ;
; Total PLLs                         ; 0                                                ;
+------------------------------------+--------------------------------------------------+


+----------------------------------------------------------------------------------------------------------------------+
; Analysis & Synthesis Settings                                                                                        ;
+----------------------------------------------------------------------------+--------------------+--------------------+
; Option                                                                     ; Setting            ; Default Value      ;
+----------------------------------------------------------------------------+--------------------+--------------------+
; Device                                                                     ; EP3C16F484C6       ;                    ;
; Top-level entity name                                                      ; stopwatch          ; stopwatch          ;
; Family name                                                                ; Cyclone III        ; Cyclone IV GX      ;
; Use smart compilation                                                      ; Off                ; Off                ;
; Enable parallel Assembler and TimeQuest Timing Analyzer during compilation ; On                 ; On                 ;
; Enable compact report table                                                ; Off                ; Off                ;
; Restructure Multiplexers                                                   ; Auto               ; Auto               ;
; Create Debugging Nodes for IP Cores                                        ; Off                ; Off                ;
; Preserve fewer node names                                                  ; On                 ; On                 ;
; Disable OpenCore Plus hardware evaluation                                  ; Off                ; Off                ;
; Verilog Version                                                            ; Verilog_2001       ; Verilog_2001       ;
; VHDL Version                                                               ; VHDL_1993          ; VHDL_1993          ;
; State Machine Processing                                                   ; Auto               ; Auto               ;
; Safe State Machine                                                         ; Off                ; Off                ;
; Extract Verilog State Machines                                             ; On                 ; On                 ;
; Extract VHDL State Machines                                                ; On                 ; On                 ;
; Ignore Verilog initial constructs                                          ; Off                ; Off                ;
; Iteration limit for constant Verilog loops                                 ; 5000               ; 5000               ;
; Iteration limit for non-constant Verilog loops                             ; 250                ; 250                ;
; Add Pass-Through Logic to Inferred RAMs                                    ; On                 ; On                 ;
; Infer RAMs from Raw Logic                                                  ; On                 ; On                 ;
; Parallel Synthesis                                                         ; On                 ; On                 ;
; DSP Block Balancing                                                        ; Auto               ; Auto               ;
; NOT Gate Push-Back                                                         ; On                 ; On                 ;
; Power-Up Don't Care                                                        ; On                 ; On                 ;
; Remove Redundant Logic Cells                                               ; Off                ; Off                ;
; Remove Duplicate Registers                                                 ; On                 ; On                 ;
; Ignore CARRY Buffers                                                       ; Off                ; Off                ;
; Ignore CASCADE Buffers                                                     ; Off                ; Off                ;
; Ignore GLOBAL Buffers                                                      ; Off                ; Off                ;
; Ignore ROW GLOBAL Buffers                                                  ; Off                ; Off                ;
; Ignore LCELL Buffers                                                       ; Off                ; Off                ;
; Ignore SOFT Buffers                                                        ; On                 ; On                 ;
; Limit AHDL Integers to 32 Bits                                             ; Off                ; Off                ;
; Optimization Technique                                                     ; Balanced           ; Balanced           ;
; Carry Chain Length                                                         ; 70                 ; 70                 ;
; Auto Carry Chains                                                          ; On                 ; On                 ;
; Auto Open-Drain Pins                                                       ; On                 ; On                 ;
; Perform WYSIWYG Primitive Resynthesis                                      ; Off                ; Off                ;
; Auto ROM Replacement                                                       ; On                 ; On                 ;
; Auto RAM Replacement                                                       ; On                 ; On                 ;
; Auto DSP Block Replacement                                                 ; On                 ; On                 ;
; Auto Shift Register Replacement                                            ; Auto               ; Auto               ;
; Allow Shift Register Merging across Hierarchies                            ; Auto               ; Auto               ;
; Auto Clock Enable Replacement                                              ; On                 ; On                 ;
; Strict RAM Replacement                                                     ; Off                ; Off                ;
; Allow Synchronous Control Signals                                          ; On                 ; On                 ;
; Force Use of Synchronous Clear Signals                                     ; Off                ; Off                ;
; Auto RAM Block Balancing                                                   ; On                 ; On                 ;
; Auto RAM to Logic Cell Conversion                                          ; Off                ; Off                ;
; Auto Resource Sharing                                                      ; Off                ; Off                ;
; Allow Any RAM Size For Recognition                                         ; Off                ; Off                ;
; Allow Any ROM Size For Recognition                                         ; Off                ; Off                ;
; Allow Any Shift Register Size For Recognition                              ; Off                ; Off                ;
; Use LogicLock Constraints during Resource Balancing                        ; On                 ; On                 ;
; Ignore translate_off and synthesis_off directives                          ; Off                ; Off                ;
; Timing-Driven Synthesis                                                    ; On                 ; On                 ;
; Report Parameter Settings                                                  ; On                 ; On                 ;
; Report Source Assignments                                                  ; On                 ; On                 ;
; Report Connectivity Checks                                                 ; On                 ; On                 ;
; Ignore Maximum Fan-Out Assignments                                         ; Off                ; Off                ;
; Synchronization Register Chain Length                                      ; 2                  ; 2                  ;
; PowerPlay Power Optimization                                               ; Normal compilation ; Normal compilation ;
; HDL message level                                                          ; Level2             ; Level2             ;
; Suppress Register Optimization Related Messages                            ; Off                ; Off                ;
; Number of Removed Registers Reported in Synthesis Report                   ; 5000               ; 5000               ;
; Number of Swept Nodes Reported in Synthesis Report                         ; 5000               ; 5000               ;
; Number of Inverted Registers Reported in Synthesis Report                  ; 100                ; 100                ;
; Clock MUX Protection                                                       ; On                 ; On                 ;
; Auto Gated Clock Conversion                                                ; Off                ; Off                ;
; Block Design Naming                                                        ; Auto               ; Auto               ;
; SDC constraint protection                                                  ; Off                ; Off                ;
; Synthesis Effort                                                           ; Auto               ; Auto               ;
; Shift Register Replacement - Allow Asynchronous Clear Signal               ; On                 ; On                 ;
; Pre-Mapping Resynthesis Optimization                                       ; Off                ; Off                ;
; Analysis & Synthesis Message Level                                         ; Medium             ; Medium             ;
; Disable Register Merging Across Hierarchies                                ; Auto               ; Auto               ;
; Resource Aware Inference For Block RAM                                     ; On                 ; On                 ;
; Synthesis Seed                                                             ; 1                  ; 1                  ;
+----------------------------------------------------------------------------+--------------------+--------------------+


+------------------------------------------+
; Parallel Compilation                     ;
+----------------------------+-------------+
; Processors                 ; Number      ;
+----------------------------+-------------+
; Number detected on machine ; 4           ;
; Maximum allowed            ; 2           ;
;                            ;             ;
; Average used               ; 1.00        ;
; Maximum used               ; 1           ;
;                            ;             ;
; Usage by Processor         ; % Time Used ;
;     Processor 1            ; 100.0%      ;
;     Processors 2-4         ;   0.0%      ;
+----------------------------+-------------+


+-------------------------------------------------------------------------------------------------------------------------------------------------------------------------------+
; Analysis & Synthesis Source Files Read                                                                                                                                        ;
+----------------------------------+-----------------+------------------------------------+---------------------------------------------------------------------------+---------+
; File Name with User-Entered Path ; Used in Netlist ; File Type                          ; File Name with Absolute Path                                              ; Library ;
+----------------------------------+-----------------+------------------------------------+---------------------------------------------------------------------------+---------+
; lpm_counter0.vhd                 ; yes             ; User Wizard-Generated File         ; H:/FPGA/eie1_fpga_lab/projects/stopwatch/lpm_counter0.vhd                 ;         ;
; stopwatch.bdf                    ; yes             ; User Block Diagram/Schematic File  ; H:/FPGA/eie1_fpga_lab/projects/stopwatch/stopwatch.bdf                    ;         ;
; clockdivide.bdf                  ; yes             ; User Block Diagram/Schematic File  ; H:/FPGA/eie1_fpga_lab/projects/stopwatch/clockdivide.bdf                  ;         ;
; decoder.bdf                      ; yes             ; User Block Diagram/Schematic File  ; H:/FPGA/eie1_fpga_lab/projects/stopwatch/decoder.bdf                      ;         ;
; BCD_count.bdf                    ; yes             ; User Block Diagram/Schematic File  ; H:/FPGA/eie1_fpga_lab/projects/stopwatch/BCD_count.bdf                    ;         ;
; lpm_compare0.vhd                 ; yes             ; User Wizard-Generated File         ; H:/FPGA/eie1_fpga_lab/projects/stopwatch/lpm_compare0.vhd                 ;         ;
; lpm_counter1.vhd                 ; yes             ; User Wizard-Generated File         ; H:/FPGA/eie1_fpga_lab/projects/stopwatch/lpm_counter1.vhd                 ;         ;
; lpm_compare1.vhd                 ; yes             ; User Wizard-Generated File         ; H:/FPGA/eie1_fpga_lab/projects/stopwatch/lpm_compare1.vhd                 ;         ;
; lpm_clshift0.vhd                 ; yes             ; User Wizard-Generated File         ; H:/FPGA/eie1_fpga_lab/projects/stopwatch/lpm_clshift0.vhd                 ;         ;
; altclkctrl0.vhd                  ; yes             ; User Wizard-Generated File         ; H:/FPGA/eie1_fpga_lab/projects/stopwatch/altclkctrl0.vhd                  ;         ;
; lpm_clshift.tdf                  ; yes             ; Megafunction                       ; c:/altera/13.0sp1/quartus/libraries/megafunctions/lpm_clshift.tdf         ;         ;
; db/lpm_clshift_h2e.tdf           ; yes             ; Auto-Generated Megafunction        ; H:/FPGA/eie1_fpga_lab/projects/stopwatch/db/lpm_clshift_h2e.tdf           ;         ;
; 7446.bdf                         ; yes             ; Megafunction                       ; c:/altera/13.0sp1/quartus/libraries/others/maxplus2/7446.bdf              ;         ;
; lpm_counter.tdf                  ; yes             ; Megafunction                       ; c:/altera/13.0sp1/quartus/libraries/megafunctions/lpm_counter.tdf         ;         ;
; lpm_constant.inc                 ; yes             ; Megafunction                       ; c:/altera/13.0sp1/quartus/libraries/megafunctions/lpm_constant.inc        ;         ;
; lpm_decode.inc                   ; yes             ; Megafunction                       ; c:/altera/13.0sp1/quartus/libraries/megafunctions/lpm_decode.inc          ;         ;
; lpm_add_sub.inc                  ; yes             ; Megafunction                       ; c:/altera/13.0sp1/quartus/libraries/megafunctions/lpm_add_sub.inc         ;         ;
; cmpconst.inc                     ; yes             ; Megafunction                       ; c:/altera/13.0sp1/quartus/libraries/megafunctions/cmpconst.inc            ;         ;
; lpm_compare.inc                  ; yes             ; Megafunction                       ; c:/altera/13.0sp1/quartus/libraries/megafunctions/lpm_compare.inc         ;         ;
; lpm_counter.inc                  ; yes             ; Megafunction                       ; c:/altera/13.0sp1/quartus/libraries/megafunctions/lpm_counter.inc         ;         ;
; dffeea.inc                       ; yes             ; Megafunction                       ; c:/altera/13.0sp1/quartus/libraries/megafunctions/dffeea.inc              ;         ;
; alt_counter_stratix.inc          ; yes             ; Megafunction                       ; c:/altera/13.0sp1/quartus/libraries/megafunctions/alt_counter_stratix.inc ;         ;
; aglobal130.inc                   ; yes             ; Megafunction                       ; c:/altera/13.0sp1/quartus/libraries/megafunctions/aglobal130.inc          ;         ;
; db/cntr_u5k.tdf                  ; yes             ; Auto-Generated Megafunction        ; H:/FPGA/eie1_fpga_lab/projects/stopwatch/db/cntr_u5k.tdf                  ;         ;
; db/cmpr_hfc.tdf                  ; yes             ; Auto-Generated Megafunction        ; H:/FPGA/eie1_fpga_lab/projects/stopwatch/db/cmpr_hfc.tdf                  ;         ;
; lpm_compare.tdf                  ; yes             ; Megafunction                       ; c:/altera/13.0sp1/quartus/libraries/megafunctions/lpm_compare.tdf         ;         ;
; comptree.inc                     ; yes             ; Megafunction                       ; c:/altera/13.0sp1/quartus/libraries/megafunctions/comptree.inc            ;         ;
; altshift.inc                     ; yes             ; Megafunction                       ; c:/altera/13.0sp1/quartus/libraries/megafunctions/altshift.inc            ;         ;
; db/cmpr_tpi.tdf                  ; yes             ; Auto-Generated Megafunction        ; H:/FPGA/eie1_fpga_lab/projects/stopwatch/db/cmpr_tpi.tdf                  ;         ;
; db/cmpr_bri.tdf                  ; yes             ; Auto-Generated Megafunction        ; H:/FPGA/eie1_fpga_lab/projects/stopwatch/db/cmpr_bri.tdf                  ;         ;
; db/cntr_ecj.tdf                  ; yes             ; Auto-Generated Megafunction        ; H:/FPGA/eie1_fpga_lab/projects/stopwatch/db/cntr_ecj.tdf                  ;         ;
; db/cmpr_vgc.tdf                  ; yes             ; Auto-Generated Megafunction        ; H:/FPGA/eie1_fpga_lab/projects/stopwatch/db/cmpr_vgc.tdf                  ;         ;
+----------------------------------+-----------------+------------------------------------+---------------------------------------------------------------------------+---------+


+------------------------------------------------------------------------------------------------------------------------------------------------------+
; Analysis & Synthesis Resource Usage Summary                                                                                                          ;
+---------------------------------------------+--------------------------------------------------------------------------------------------------------+
; Resource                                    ; Usage                                                                                                  ;
+---------------------------------------------+--------------------------------------------------------------------------------------------------------+
; Estimated Total logic elements              ; 94                                                                                                     ;
;                                             ;                                                                                                        ;
; Total combinational functions               ; 94                                                                                                     ;
; Logic element usage by number of LUT inputs ;                                                                                                        ;
;     -- 4 input functions                    ; 37                                                                                                     ;
;     -- 3 input functions                    ; 10                                                                                                     ;
;     -- <=2 input functions                  ; 47                                                                                                     ;
;                                             ;                                                                                                        ;
; Logic elements by mode                      ;                                                                                                        ;
;     -- normal mode                          ; 58                                                                                                     ;
;     -- arithmetic mode                      ; 36                                                                                                     ;
;                                             ;                                                                                                        ;
; Total registers                             ; 65                                                                                                     ;
;     -- Dedicated logic registers            ; 65                                                                                                     ;
;     -- I/O registers                        ; 0                                                                                                      ;
;                                             ;                                                                                                        ;
; I/O pins                                    ; 33                                                                                                     ;
; Embedded Multiplier 9-bit elements          ; 0                                                                                                      ;
; Maximum fan-out node                        ; altclkctrl0:inst6|altclkctrl0_altclkctrl_uhi:altclkctrl0_altclkctrl_uhi_component|wire_clkctrl1_outclk ;
; Maximum fan-out                             ; 49                                                                                                     ;
; Total fan-out                               ; 584                                                                                                    ;
; Average fan-out                             ; 2.58                                                                                                   ;
+---------------------------------------------+--------------------------------------------------------------------------------------------------------+


+-----------------------------------------------------------------------------------------------------------------------------------------------------------------------------------------------------------------------------------------------------------------------------------------------------------------------------+
; Analysis & Synthesis Resource Utilization by Entity                                                                                                                                                                                                                                                                         ;
+-------------------------------------------------------------------------+-------------------+--------------+-------------+--------------+---------+-----------+------+--------------+------------------------------------------------------------------------------------------------------------------------+--------------+
; Compilation Hierarchy Node                                              ; LC Combinationals ; LC Registers ; Memory Bits ; DSP Elements ; DSP 9x9 ; DSP 18x18 ; Pins ; Virtual Pins ; Full Hierarchy Name                                                                                                    ; Library Name ;
+-------------------------------------------------------------------------+-------------------+--------------+-------------+--------------+---------+-----------+------+--------------+------------------------------------------------------------------------------------------------------------------------+--------------+
; |stopwatch                                                              ; 94 (2)            ; 65 (1)       ; 0           ; 0            ; 0       ; 0         ; 33   ; 0            ; |stopwatch                                                                                                             ; work         ;
;    |BCD_count:inst1|                                                    ; 31 (0)            ; 16 (0)       ; 0           ; 0            ; 0       ; 0         ; 0    ; 0            ; |stopwatch|BCD_count:inst1                                                                                             ; work         ;
;       |lpm_compare1:inst1|                                              ; 1 (0)             ; 0 (0)        ; 0           ; 0            ; 0       ; 0         ; 0    ; 0            ; |stopwatch|BCD_count:inst1|lpm_compare1:inst1                                                                          ; work         ;
;          |lpm_compare:LPM_COMPARE_component|                            ; 1 (0)             ; 0 (0)        ; 0           ; 0            ; 0       ; 0         ; 0    ; 0            ; |stopwatch|BCD_count:inst1|lpm_compare1:inst1|lpm_compare:LPM_COMPARE_component                                        ; work         ;
;             |cmpr_tpi:auto_generated|                                   ; 1 (1)             ; 0 (0)        ; 0           ; 0            ; 0       ; 0         ; 0    ; 0            ; |stopwatch|BCD_count:inst1|lpm_compare1:inst1|lpm_compare:LPM_COMPARE_component|cmpr_tpi:auto_generated                ; work         ;
;       |lpm_compare1:inst3|                                              ; 1 (0)             ; 0 (0)        ; 0           ; 0            ; 0       ; 0         ; 0    ; 0            ; |stopwatch|BCD_count:inst1|lpm_compare1:inst3                                                                          ; work         ;
;          |lpm_compare:LPM_COMPARE_component|                            ; 1 (0)             ; 0 (0)        ; 0           ; 0            ; 0       ; 0         ; 0    ; 0            ; |stopwatch|BCD_count:inst1|lpm_compare1:inst3|lpm_compare:LPM_COMPARE_component                                        ; work         ;
;             |cmpr_tpi:auto_generated|                                   ; 1 (1)             ; 0 (0)        ; 0           ; 0            ; 0       ; 0         ; 0    ; 0            ; |stopwatch|BCD_count:inst1|lpm_compare1:inst3|lpm_compare:LPM_COMPARE_component|cmpr_tpi:auto_generated                ; work         ;
;       |lpm_compare1:inst5|                                              ; 1 (0)             ; 0 (0)        ; 0           ; 0            ; 0       ; 0         ; 0    ; 0            ; |stopwatch|BCD_count:inst1|lpm_compare1:inst5                                                                          ; work         ;
;          |lpm_compare:LPM_COMPARE_component|                            ; 1 (0)             ; 0 (0)        ; 0           ; 0            ; 0       ; 0         ; 0    ; 0            ; |stopwatch|BCD_count:inst1|lpm_compare1:inst5|lpm_compare:LPM_COMPARE_component                                        ; work         ;
;             |cmpr_tpi:auto_generated|                                   ; 1 (1)             ; 0 (0)        ; 0           ; 0            ; 0       ; 0         ; 0    ; 0            ; |stopwatch|BCD_count:inst1|lpm_compare1:inst5|lpm_compare:LPM_COMPARE_component|cmpr_tpi:auto_generated                ; work         ;
;       |lpm_counter1:inst2|                                              ; 7 (0)             ; 4 (0)        ; 0           ; 0            ; 0       ; 0         ; 0    ; 0            ; |stopwatch|BCD_count:inst1|lpm_counter1:inst2                                                                          ; work         ;
;          |lpm_counter:LPM_COUNTER_component|                            ; 7 (0)             ; 4 (0)        ; 0           ; 0            ; 0       ; 0         ; 0    ; 0            ; |stopwatch|BCD_count:inst1|lpm_counter1:inst2|lpm_counter:LPM_COUNTER_component                                        ; work         ;
;             |cntr_u5k:auto_generated|                                   ; 7 (6)             ; 4 (4)        ; 0           ; 0            ; 0       ; 0         ; 0    ; 0            ; |stopwatch|BCD_count:inst1|lpm_counter1:inst2|lpm_counter:LPM_COUNTER_component|cntr_u5k:auto_generated                ; work         ;
;                |cmpr_hfc:cmpr1|                                         ; 1 (1)             ; 0 (0)        ; 0           ; 0            ; 0       ; 0         ; 0    ; 0            ; |stopwatch|BCD_count:inst1|lpm_counter1:inst2|lpm_counter:LPM_COUNTER_component|cntr_u5k:auto_generated|cmpr_hfc:cmpr1 ; work         ;
;       |lpm_counter1:inst4|                                              ; 7 (0)             ; 4 (0)        ; 0           ; 0            ; 0       ; 0         ; 0    ; 0            ; |stopwatch|BCD_count:inst1|lpm_counter1:inst4                                                                          ; work         ;
;          |lpm_counter:LPM_COUNTER_component|                            ; 7 (0)             ; 4 (0)        ; 0           ; 0            ; 0       ; 0         ; 0    ; 0            ; |stopwatch|BCD_count:inst1|lpm_counter1:inst4|lpm_counter:LPM_COUNTER_component                                        ; work         ;
;             |cntr_u5k:auto_generated|                                   ; 7 (6)             ; 4 (4)        ; 0           ; 0            ; 0       ; 0         ; 0    ; 0            ; |stopwatch|BCD_count:inst1|lpm_counter1:inst4|lpm_counter:LPM_COUNTER_component|cntr_u5k:auto_generated                ; work         ;
;                |cmpr_hfc:cmpr1|                                         ; 1 (1)             ; 0 (0)        ; 0           ; 0            ; 0       ; 0         ; 0    ; 0            ; |stopwatch|BCD_count:inst1|lpm_counter1:inst4|lpm_counter:LPM_COUNTER_component|cntr_u5k:auto_generated|cmpr_hfc:cmpr1 ; work         ;
;       |lpm_counter1:inst6|                                              ; 7 (0)             ; 4 (0)        ; 0           ; 0            ; 0       ; 0         ; 0    ; 0            ; |stopwatch|BCD_count:inst1|lpm_counter1:inst6                                                                          ; work         ;
;          |lpm_counter:LPM_COUNTER_component|                            ; 7 (0)             ; 4 (0)        ; 0           ; 0            ; 0       ; 0         ; 0    ; 0            ; |stopwatch|BCD_count:inst1|lpm_counter1:inst6|lpm_counter:LPM_COUNTER_component                                        ; work         ;
;             |cntr_u5k:auto_generated|                                   ; 7 (6)             ; 4 (4)        ; 0           ; 0            ; 0       ; 0         ; 0    ; 0            ; |stopwatch|BCD_count:inst1|lpm_counter1:inst6|lpm_counter:LPM_COUNTER_component|cntr_u5k:auto_generated                ; work         ;
;                |cmpr_hfc:cmpr1|                                         ; 1 (1)             ; 0 (0)        ; 0           ; 0            ; 0       ; 0         ; 0    ; 0            ; |stopwatch|BCD_count:inst1|lpm_counter1:inst6|lpm_counter:LPM_COUNTER_component|cntr_u5k:auto_generated|cmpr_hfc:cmpr1 ; work         ;
;       |lpm_counter1:inst|                                               ; 7 (0)             ; 4 (0)        ; 0           ; 0            ; 0       ; 0         ; 0    ; 0            ; |stopwatch|BCD_count:inst1|lpm_counter1:inst                                                                           ; work         ;
;          |lpm_counter:LPM_COUNTER_component|                            ; 7 (0)             ; 4 (0)        ; 0           ; 0            ; 0       ; 0         ; 0    ; 0            ; |stopwatch|BCD_count:inst1|lpm_counter1:inst|lpm_counter:LPM_COUNTER_component                                         ; work         ;
;             |cntr_u5k:auto_generated|                                   ; 7 (6)             ; 4 (4)        ; 0           ; 0            ; 0       ; 0         ; 0    ; 0            ; |stopwatch|BCD_count:inst1|lpm_counter1:inst|lpm_counter:LPM_COUNTER_component|cntr_u5k:auto_generated                 ; work         ;
;                |cmpr_hfc:cmpr1|                                         ; 1 (1)             ; 0 (0)        ; 0           ; 0            ; 0       ; 0         ; 0    ; 0            ; |stopwatch|BCD_count:inst1|lpm_counter1:inst|lpm_counter:LPM_COUNTER_component|cntr_u5k:auto_generated|cmpr_hfc:cmpr1  ; work         ;
;    |altclkctrl0:inst6|                                                  ; 0 (0)             ; 0 (0)        ; 0           ; 0            ; 0       ; 0         ; 0    ; 0            ; |stopwatch|altclkctrl0:inst6                                                                                           ; work         ;
;       |altclkctrl0_altclkctrl_uhi:altclkctrl0_altclkctrl_uhi_component| ; 0 (0)             ; 0 (0)        ; 0           ; 0            ; 0       ; 0         ; 0    ; 0            ; |stopwatch|altclkctrl0:inst6|altclkctrl0_altclkctrl_uhi:altclkctrl0_altclkctrl_uhi_component                           ; work         ;
;    |clockdivide:inst|                                                   ; 33 (0)            ; 20 (0)       ; 0           ; 0            ; 0       ; 0         ; 0    ; 0            ; |stopwatch|clockdivide:inst                                                                                            ; work         ;
;       |lpm_compare0:inst1|                                              ; 5 (0)             ; 0 (0)        ; 0           ; 0            ; 0       ; 0         ; 0    ; 0            ; |stopwatch|clockdivide:inst|lpm_compare0:inst1                                                                         ; work         ;
;          |lpm_compare:LPM_COMPARE_component|                            ; 5 (0)             ; 0 (0)        ; 0           ; 0            ; 0       ; 0         ; 0    ; 0            ; |stopwatch|clockdivide:inst|lpm_compare0:inst1|lpm_compare:LPM_COMPARE_component                                       ; work         ;
;             |cmpr_bri:auto_generated|                                   ; 5 (5)             ; 0 (0)        ; 0           ; 0            ; 0       ; 0         ; 0    ; 0            ; |stopwatch|clockdivide:inst|lpm_compare0:inst1|lpm_compare:LPM_COMPARE_component|cmpr_bri:auto_generated               ; work         ;
;       |lpm_counter0:inst|                                               ; 28 (0)            ; 20 (0)       ; 0           ; 0            ; 0       ; 0         ; 0    ; 0            ; |stopwatch|clockdivide:inst|lpm_counter0:inst                                                                          ; work         ;
;          |lpm_counter:LPM_COUNTER_component|                            ; 28 (0)            ; 20 (0)       ; 0           ; 0            ; 0       ; 0         ; 0    ; 0            ; |stopwatch|clockdivide:inst|lpm_counter0:inst|lpm_counter:LPM_COUNTER_component                                        ; work         ;
;             |cntr_ecj:auto_generated|                                   ; 28 (22)           ; 20 (20)      ; 0           ; 0            ; 0       ; 0         ; 0    ; 0            ; |stopwatch|clockdivide:inst|lpm_counter0:inst|lpm_counter:LPM_COUNTER_component|cntr_ecj:auto_generated                ; work         ;
;                |cmpr_vgc:cmpr1|                                         ; 6 (6)             ; 0 (0)        ; 0           ; 0            ; 0       ; 0         ; 0    ; 0            ; |stopwatch|clockdivide:inst|lpm_counter0:inst|lpm_counter:LPM_COUNTER_component|cntr_ecj:auto_generated|cmpr_vgc:cmpr1 ; work         ;
;    |decoder:inst2|                                                      ; 7 (0)             ; 0 (0)        ; 0           ; 0            ; 0       ; 0         ; 0    ; 0            ; |stopwatch|decoder:inst2                                                                                               ; work         ;
;       |7446:inst2|                                                      ; 7 (7)             ; 0 (0)        ; 0           ; 0            ; 0       ; 0         ; 0    ; 0            ; |stopwatch|decoder:inst2|7446:inst2                                                                                    ; work         ;
;    |decoder:inst3|                                                      ; 7 (0)             ; 0 (0)        ; 0           ; 0            ; 0       ; 0         ; 0    ; 0            ; |stopwatch|decoder:inst3                                                                                               ; work         ;
;       |7446:inst2|                                                      ; 7 (7)             ; 0 (0)        ; 0           ; 0            ; 0       ; 0         ; 0    ; 0            ; |stopwatch|decoder:inst3|7446:inst2                                                                                    ; work         ;
;    |decoder:inst4|                                                      ; 7 (0)             ; 0 (0)        ; 0           ; 0            ; 0       ; 0         ; 0    ; 0            ; |stopwatch|decoder:inst4                                                                                               ; work         ;
;       |7446:inst2|                                                      ; 7 (7)             ; 0 (0)        ; 0           ; 0            ; 0       ; 0         ; 0    ; 0            ; |stopwatch|decoder:inst4|7446:inst2                                                                                    ; work         ;
;    |decoder:inst5|                                                      ; 7 (0)             ; 0 (0)        ; 0           ; 0            ; 0       ; 0         ; 0    ; 0            ; |stopwatch|decoder:inst5                                                                                               ; work         ;
;       |7446:inst2|                                                      ; 7 (7)             ; 0 (0)        ; 0           ; 0            ; 0       ; 0         ; 0    ; 0            ; |stopwatch|decoder:inst5|7446:inst2                                                                                    ; work         ;
;    |lpm_clshift0:inst10|                                                ; 0 (0)             ; 7 (0)        ; 0           ; 0            ; 0       ; 0         ; 0    ; 0            ; |stopwatch|lpm_clshift0:inst10                                                                                         ; work         ;
;       |lpm_clshift:LPM_CLSHIFT_component|                               ; 0 (0)             ; 7 (0)        ; 0           ; 0            ; 0       ; 0         ; 0    ; 0            ; |stopwatch|lpm_clshift0:inst10|lpm_clshift:LPM_CLSHIFT_component                                                       ; work         ;
;          |lpm_clshift_h2e:auto_generated|                               ; 0 (0)             ; 7 (7)        ; 0           ; 0            ; 0       ; 0         ; 0    ; 0            ; |stopwatch|lpm_clshift0:inst10|lpm_clshift:LPM_CLSHIFT_component|lpm_clshift_h2e:auto_generated                        ; work         ;
;    |lpm_clshift0:inst11|                                                ; 0 (0)             ; 7 (0)        ; 0           ; 0            ; 0       ; 0         ; 0    ; 0            ; |stopwatch|lpm_clshift0:inst11                                                                                         ; work         ;
;       |lpm_clshift:LPM_CLSHIFT_component|                               ; 0 (0)             ; 7 (0)        ; 0           ; 0            ; 0       ; 0         ; 0    ; 0            ; |stopwatch|lpm_clshift0:inst11|lpm_clshift:LPM_CLSHIFT_component                                                       ; work         ;
;          |lpm_clshift_h2e:auto_generated|                               ; 0 (0)             ; 7 (7)        ; 0           ; 0            ; 0       ; 0         ; 0    ; 0            ; |stopwatch|lpm_clshift0:inst11|lpm_clshift:LPM_CLSHIFT_component|lpm_clshift_h2e:auto_generated                        ; work         ;
;    |lpm_clshift0:inst12|                                                ; 0 (0)             ; 7 (0)        ; 0           ; 0            ; 0       ; 0         ; 0    ; 0            ; |stopwatch|lpm_clshift0:inst12                                                                                         ; work         ;
;       |lpm_clshift:LPM_CLSHIFT_component|                               ; 0 (0)             ; 7 (0)        ; 0           ; 0            ; 0       ; 0         ; 0    ; 0            ; |stopwatch|lpm_clshift0:inst12|lpm_clshift:LPM_CLSHIFT_component                                                       ; work         ;
;          |lpm_clshift_h2e:auto_generated|                               ; 0 (0)             ; 7 (7)        ; 0           ; 0            ; 0       ; 0         ; 0    ; 0            ; |stopwatch|lpm_clshift0:inst12|lpm_clshift:LPM_CLSHIFT_component|lpm_clshift_h2e:auto_generated                        ; work         ;
;    |lpm_clshift0:inst9|                                                 ; 0 (0)             ; 7 (0)        ; 0           ; 0            ; 0       ; 0         ; 0    ; 0            ; |stopwatch|lpm_clshift0:inst9                                                                                          ; work         ;
;       |lpm_clshift:LPM_CLSHIFT_component|                               ; 0 (0)             ; 7 (0)        ; 0           ; 0            ; 0       ; 0         ; 0    ; 0            ; |stopwatch|lpm_clshift0:inst9|lpm_clshift:LPM_CLSHIFT_component                                                        ; work         ;
;          |lpm_clshift_h2e:auto_generated|                               ; 0 (0)             ; 7 (7)        ; 0           ; 0            ; 0       ; 0         ; 0    ; 0            ; |stopwatch|lpm_clshift0:inst9|lpm_clshift:LPM_CLSHIFT_component|lpm_clshift_h2e:auto_generated                         ; work         ;
+-------------------------------------------------------------------------+-------------------+--------------+-------------+--------------+---------+-----------+------+--------------+------------------------------------------------------------------------------------------------------------------------+--------------+
Note: For table entries with two numbers listed, the numbers in parentheses indicate the number of resources of the given type used by the specific entity alone. The numbers listed outside of parentheses indicate the total resources of the given type used by the specific entity and all of its sub-entities in the hierarchy.


+----------------------------------------------------------------------------------------------------------------------------------------------------------------------------+
; Analysis & Synthesis IP Cores Summary                                                                                                                                      ;
+--------+--------------+---------+--------------+--------------+------------------------------------------------+-----------------------------------------------------------+
; Vendor ; IP Core Name ; Version ; Release Date ; License Type ; Entity Instance                                ; IP Include File                                           ;
+--------+--------------+---------+--------------+--------------+------------------------------------------------+-----------------------------------------------------------+
; Altera ; LPM_COUNTER  ; 13.0    ; N/A          ; N/A          ; |stopwatch|clockdivide:inst|lpm_counter0:inst  ; H:/FPGA/eie1_fpga_lab/projects/stopwatch/lpm_counter0.vhd ;
; Altera ; LPM_COMPARE  ; 13.0    ; N/A          ; N/A          ; |stopwatch|clockdivide:inst|lpm_compare0:inst1 ; H:/FPGA/eie1_fpga_lab/projects/stopwatch/lpm_compare0.vhd ;
; Altera ; LPM_COUNTER  ; 13.0    ; N/A          ; N/A          ; |stopwatch|BCD_count:inst1|lpm_counter1:inst   ; H:/FPGA/eie1_fpga_lab/projects/stopwatch/lpm_counter1.vhd ;
; Altera ; LPM_COMPARE  ; 13.0    ; N/A          ; N/A          ; |stopwatch|BCD_count:inst1|lpm_compare1:inst1  ; H:/FPGA/eie1_fpga_lab/projects/stopwatch/lpm_compare1.vhd ;
; Altera ; LPM_COUNTER  ; 13.0    ; N/A          ; N/A          ; |stopwatch|BCD_count:inst1|lpm_counter1:inst2  ; H:/FPGA/eie1_fpga_lab/projects/stopwatch/lpm_counter1.vhd ;
; Altera ; LPM_COMPARE  ; 13.0    ; N/A          ; N/A          ; |stopwatch|BCD_count:inst1|lpm_compare1:inst3  ; H:/FPGA/eie1_fpga_lab/projects/stopwatch/lpm_compare1.vhd ;
; Altera ; LPM_COUNTER  ; 13.0    ; N/A          ; N/A          ; |stopwatch|BCD_count:inst1|lpm_counter1:inst4  ; H:/FPGA/eie1_fpga_lab/projects/stopwatch/lpm_counter1.vhd ;
; Altera ; LPM_COMPARE  ; 13.0    ; N/A          ; N/A          ; |stopwatch|BCD_count:inst1|lpm_compare1:inst5  ; H:/FPGA/eie1_fpga_lab/projects/stopwatch/lpm_compare1.vhd ;
; Altera ; LPM_COUNTER  ; 13.0    ; N/A          ; N/A          ; |stopwatch|BCD_count:inst1|lpm_counter1:inst6  ; H:/FPGA/eie1_fpga_lab/projects/stopwatch/lpm_counter1.vhd ;
; Altera ; LPM_COMPARE  ; 13.0    ; N/A          ; N/A          ; |stopwatch|BCD_count:inst1|lpm_compare1:inst7  ; H:/FPGA/eie1_fpga_lab/projects/stopwatch/lpm_compare1.vhd ;
; Altera ; ALTCLKCTRL   ; 13.0    ; N/A          ; N/A          ; |stopwatch|altclkctrl0:inst6                   ; H:/FPGA/eie1_fpga_lab/projects/stopwatch/altclkctrl0.vhd  ;
; Altera ; LPM_CLSHIFT  ; 13.0    ; N/A          ; N/A          ; |stopwatch|lpm_clshift0:inst9                  ; H:/FPGA/eie1_fpga_lab/projects/stopwatch/lpm_clshift0.vhd ;
; Altera ; LPM_CLSHIFT  ; 13.0    ; N/A          ; N/A          ; |stopwatch|lpm_clshift0:inst10                 ; H:/FPGA/eie1_fpga_lab/projects/stopwatch/lpm_clshift0.vhd ;
; Altera ; LPM_CLSHIFT  ; 13.0    ; N/A          ; N/A          ; |stopwatch|lpm_clshift0:inst11                 ; H:/FPGA/eie1_fpga_lab/projects/stopwatch/lpm_clshift0.vhd ;
; Altera ; LPM_CLSHIFT  ; 13.0    ; N/A          ; N/A          ; |stopwatch|lpm_clshift0:inst12                 ; H:/FPGA/eie1_fpga_lab/projects/stopwatch/lpm_clshift0.vhd ;
+--------+--------------+---------+--------------+--------------+------------------------------------------------+-----------------------------------------------------------+


+------------------------------------------------------+
; General Register Statistics                          ;
+----------------------------------------------+-------+
; Statistic                                    ; Value ;
+----------------------------------------------+-------+
; Total registers                              ; 65    ;
; Number of registers using Synchronous Clear  ; 0     ;
; Number of registers using Synchronous Load   ; 36    ;
; Number of registers using Asynchronous Clear ; 16    ;
; Number of registers using Asynchronous Load  ; 0     ;
; Number of registers using Clock Enable       ; 44    ;
; Number of registers using Preset             ; 0     ;
+----------------------------------------------+-------+


+---------------------------------------------------------------------------------------------------+
; Parameter Settings for User Entity Instance: lpm_clshift0:inst9|lpm_clshift:LPM_CLSHIFT_component ;
+----------------+-----------------+----------------------------------------------------------------+
; Parameter Name ; Value           ; Type                                                           ;
+----------------+-----------------+----------------------------------------------------------------+
; LPM_PIPELINE   ; 1               ; Signed Integer                                                 ;
; LPM_SHIFTTYPE  ; LOGICAL         ; Untyped                                                        ;
; LPM_WIDTH      ; 7               ; Signed Integer                                                 ;
; LPM_WIDTHDIST  ; 1               ; Signed Integer                                                 ;
; CBXI_PARAMETER ; lpm_clshift_h2e ; Untyped                                                        ;
+----------------+-----------------+----------------------------------------------------------------+
Note: In order to hide this table in the UI and the text report file, please set the "Show Parameter Settings in Synthesis Report" option in "Analysis and Synthesis Settings -> More Settings" to "Off".


+------------------------------------------------------------------------------------------------------------------+
; Parameter Settings for User Entity Instance: BCD_count:inst1|lpm_counter1:inst|lpm_counter:LPM_COUNTER_component ;
+------------------------+-------------+---------------------------------------------------------------------------+
; Parameter Name         ; Value       ; Type                                                                      ;
+------------------------+-------------+---------------------------------------------------------------------------+
; AUTO_CARRY_CHAINS      ; ON          ; AUTO_CARRY                                                                ;
; IGNORE_CARRY_BUFFERS   ; OFF         ; IGNORE_CARRY                                                              ;
; AUTO_CASCADE_CHAINS    ; ON          ; AUTO_CASCADE                                                              ;
; IGNORE_CASCADE_BUFFERS ; OFF         ; IGNORE_CASCADE                                                            ;
; LPM_WIDTH              ; 4           ; Signed Integer                                                            ;
; LPM_DIRECTION          ; UP          ; Untyped                                                                   ;
; LPM_MODULUS            ; 10          ; Signed Integer                                                            ;
; LPM_AVALUE             ; UNUSED      ; Untyped                                                                   ;
; LPM_SVALUE             ; UNUSED      ; Untyped                                                                   ;
; LPM_PORT_UPDOWN        ; PORT_UNUSED ; Untyped                                                                   ;
; DEVICE_FAMILY          ; Cyclone III ; Untyped                                                                   ;
; CARRY_CHAIN            ; MANUAL      ; Untyped                                                                   ;
; CARRY_CHAIN_LENGTH     ; 48          ; CARRY_CHAIN_LENGTH                                                        ;
; NOT_GATE_PUSH_BACK     ; ON          ; NOT_GATE_PUSH_BACK                                                        ;
; CARRY_CNT_EN           ; SMART       ; Untyped                                                                   ;
; LABWIDE_SCLR           ; ON          ; Untyped                                                                   ;
; USE_NEW_VERSION        ; TRUE        ; Untyped                                                                   ;
; CBXI_PARAMETER         ; cntr_u5k    ; Untyped                                                                   ;
+------------------------+-------------+---------------------------------------------------------------------------+
Note: In order to hide this table in the UI and the text report file, please set the "Show Parameter Settings in Synthesis Report" option in "Analysis and Synthesis Settings -> More Settings" to "Off".


+-------------------------------------------------------------------------------------------------------------------+
; Parameter Settings for User Entity Instance: BCD_count:inst1|lpm_counter1:inst2|lpm_counter:LPM_COUNTER_component ;
+------------------------+-------------+----------------------------------------------------------------------------+
; Parameter Name         ; Value       ; Type                                                                       ;
+------------------------+-------------+----------------------------------------------------------------------------+
; AUTO_CARRY_CHAINS      ; ON          ; AUTO_CARRY                                                                 ;
; IGNORE_CARRY_BUFFERS   ; OFF         ; IGNORE_CARRY                                                               ;
; AUTO_CASCADE_CHAINS    ; ON          ; AUTO_CASCADE                                                               ;
; IGNORE_CASCADE_BUFFERS ; OFF         ; IGNORE_CASCADE                                                             ;
; LPM_WIDTH              ; 4           ; Signed Integer                                                             ;
; LPM_DIRECTION          ; UP          ; Untyped                                                                    ;
; LPM_MODULUS            ; 10          ; Signed Integer                                                             ;
; LPM_AVALUE             ; UNUSED      ; Untyped                                                                    ;
; LPM_SVALUE             ; UNUSED      ; Untyped                                                                    ;
; LPM_PORT_UPDOWN        ; PORT_UNUSED ; Untyped                                                                    ;
; DEVICE_FAMILY          ; Cyclone III ; Untyped                                                                    ;
; CARRY_CHAIN            ; MANUAL      ; Untyped                                                                    ;
; CARRY_CHAIN_LENGTH     ; 48          ; CARRY_CHAIN_LENGTH                                                         ;
; NOT_GATE_PUSH_BACK     ; ON          ; NOT_GATE_PUSH_BACK                                                         ;
; CARRY_CNT_EN           ; SMART       ; Untyped                                                                    ;
; LABWIDE_SCLR           ; ON          ; Untyped                                                                    ;
; USE_NEW_VERSION        ; TRUE        ; Untyped                                                                    ;
; CBXI_PARAMETER         ; cntr_u5k    ; Untyped                                                                    ;
+------------------------+-------------+----------------------------------------------------------------------------+
Note: In order to hide this table in the UI and the text report file, please set the "Show Parameter Settings in Synthesis Report" option in "Analysis and Synthesis Settings -> More Settings" to "Off".


+-------------------------------------------------------------------------------------------------------------------+
; Parameter Settings for User Entity Instance: BCD_count:inst1|lpm_compare1:inst1|lpm_compare:LPM_COMPARE_component ;
+------------------------+-------------+----------------------------------------------------------------------------+
; Parameter Name         ; Value       ; Type                                                                       ;
+------------------------+-------------+----------------------------------------------------------------------------+
; lpm_width              ; 4           ; Signed Integer                                                             ;
; LPM_REPRESENTATION     ; UNSIGNED    ; Untyped                                                                    ;
; LPM_PIPELINE           ; 0           ; Untyped                                                                    ;
; CHAIN_SIZE             ; 8           ; Untyped                                                                    ;
; ONE_INPUT_IS_CONSTANT  ; YES         ; Untyped                                                                    ;
; CARRY_CHAIN            ; MANUAL      ; Untyped                                                                    ;
; CASCADE_CHAIN          ; MANUAL      ; Untyped                                                                    ;
; CARRY_CHAIN_LENGTH     ; 48          ; CARRY_CHAIN_LENGTH                                                         ;
; CASCADE_CHAIN_LENGTH   ; 2           ; CASCADE_CHAIN_LENGTH                                                       ;
; DEVICE_FAMILY          ; Cyclone III ; Untyped                                                                    ;
; CBXI_PARAMETER         ; cmpr_tpi    ; Untyped                                                                    ;
; AUTO_CARRY_CHAINS      ; ON          ; AUTO_CARRY                                                                 ;
; IGNORE_CARRY_BUFFERS   ; OFF         ; IGNORE_CARRY                                                               ;
; AUTO_CASCADE_CHAINS    ; ON          ; AUTO_CASCADE                                                               ;
; IGNORE_CASCADE_BUFFERS ; OFF         ; IGNORE_CASCADE                                                             ;
+------------------------+-------------+----------------------------------------------------------------------------+
Note: In order to hide this table in the UI and the text report file, please set the "Show Parameter Settings in Synthesis Report" option in "Analysis and Synthesis Settings -> More Settings" to "Off".


+-------------------------------------------------------------------------------------------------------------------+
; Parameter Settings for User Entity Instance: BCD_count:inst1|lpm_counter1:inst4|lpm_counter:LPM_COUNTER_component ;
+------------------------+-------------+----------------------------------------------------------------------------+
; Parameter Name         ; Value       ; Type                                                                       ;
+------------------------+-------------+----------------------------------------------------------------------------+
; AUTO_CARRY_CHAINS      ; ON          ; AUTO_CARRY                                                                 ;
; IGNORE_CARRY_BUFFERS   ; OFF         ; IGNORE_CARRY                                                               ;
; AUTO_CASCADE_CHAINS    ; ON          ; AUTO_CASCADE                                                               ;
; IGNORE_CASCADE_BUFFERS ; OFF         ; IGNORE_CASCADE                                                             ;
; LPM_WIDTH              ; 4           ; Signed Integer                                                             ;
; LPM_DIRECTION          ; UP          ; Untyped                                                                    ;
; LPM_MODULUS            ; 10          ; Signed Integer                                                             ;
; LPM_AVALUE             ; UNUSED      ; Untyped                                                                    ;
; LPM_SVALUE             ; UNUSED      ; Untyped                                                                    ;
; LPM_PORT_UPDOWN        ; PORT_UNUSED ; Untyped                                                                    ;
; DEVICE_FAMILY          ; Cyclone III ; Untyped                                                                    ;
; CARRY_CHAIN            ; MANUAL      ; Untyped                                                                    ;
; CARRY_CHAIN_LENGTH     ; 48          ; CARRY_CHAIN_LENGTH                                                         ;
; NOT_GATE_PUSH_BACK     ; ON          ; NOT_GATE_PUSH_BACK                                                         ;
; CARRY_CNT_EN           ; SMART       ; Untyped                                                                    ;
; LABWIDE_SCLR           ; ON          ; Untyped                                                                    ;
; USE_NEW_VERSION        ; TRUE        ; Untyped                                                                    ;
; CBXI_PARAMETER         ; cntr_u5k    ; Untyped                                                                    ;
+------------------------+-------------+----------------------------------------------------------------------------+
Note: In order to hide this table in the UI and the text report file, please set the "Show Parameter Settings in Synthesis Report" option in "Analysis and Synthesis Settings -> More Settings" to "Off".


+-------------------------------------------------------------------------------------------------------------------+
; Parameter Settings for User Entity Instance: BCD_count:inst1|lpm_compare1:inst3|lpm_compare:LPM_COMPARE_component ;
+------------------------+-------------+----------------------------------------------------------------------------+
; Parameter Name         ; Value       ; Type                                                                       ;
+------------------------+-------------+----------------------------------------------------------------------------+
; lpm_width              ; 4           ; Signed Integer                                                             ;
; LPM_REPRESENTATION     ; UNSIGNED    ; Untyped                                                                    ;
; LPM_PIPELINE           ; 0           ; Untyped                                                                    ;
; CHAIN_SIZE             ; 8           ; Untyped                                                                    ;
; ONE_INPUT_IS_CONSTANT  ; YES         ; Untyped                                                                    ;
; CARRY_CHAIN            ; MANUAL      ; Untyped                                                                    ;
; CASCADE_CHAIN          ; MANUAL      ; Untyped                                                                    ;
; CARRY_CHAIN_LENGTH     ; 48          ; CARRY_CHAIN_LENGTH                                                         ;
; CASCADE_CHAIN_LENGTH   ; 2           ; CASCADE_CHAIN_LENGTH                                                       ;
; DEVICE_FAMILY          ; Cyclone III ; Untyped                                                                    ;
; CBXI_PARAMETER         ; cmpr_tpi    ; Untyped                                                                    ;
; AUTO_CARRY_CHAINS      ; ON          ; AUTO_CARRY                                                                 ;
; IGNORE_CARRY_BUFFERS   ; OFF         ; IGNORE_CARRY                                                               ;
; AUTO_CASCADE_CHAINS    ; ON          ; AUTO_CASCADE                                                               ;
; IGNORE_CASCADE_BUFFERS ; OFF         ; IGNORE_CASCADE                                                             ;
+------------------------+-------------+----------------------------------------------------------------------------+
Note: In order to hide this table in the UI and the text report file, please set the "Show Parameter Settings in Synthesis Report" option in "Analysis and Synthesis Settings -> More Settings" to "Off".


+-------------------------------------------------------------------------------------------------------------------+
; Parameter Settings for User Entity Instance: BCD_count:inst1|lpm_counter1:inst6|lpm_counter:LPM_COUNTER_component ;
+------------------------+-------------+----------------------------------------------------------------------------+
; Parameter Name         ; Value       ; Type                                                                       ;
+------------------------+-------------+----------------------------------------------------------------------------+
; AUTO_CARRY_CHAINS      ; ON          ; AUTO_CARRY                                                                 ;
; IGNORE_CARRY_BUFFERS   ; OFF         ; IGNORE_CARRY                                                               ;
; AUTO_CASCADE_CHAINS    ; ON          ; AUTO_CASCADE                                                               ;
; IGNORE_CASCADE_BUFFERS ; OFF         ; IGNORE_CASCADE                                                             ;
; LPM_WIDTH              ; 4           ; Signed Integer                                                             ;
; LPM_DIRECTION          ; UP          ; Untyped                                                                    ;
; LPM_MODULUS            ; 10          ; Signed Integer                                                             ;
; LPM_AVALUE             ; UNUSED      ; Untyped                                                                    ;
; LPM_SVALUE             ; UNUSED      ; Untyped                                                                    ;
; LPM_PORT_UPDOWN        ; PORT_UNUSED ; Untyped                                                                    ;
; DEVICE_FAMILY          ; Cyclone III ; Untyped                                                                    ;
; CARRY_CHAIN            ; MANUAL      ; Untyped                                                                    ;
; CARRY_CHAIN_LENGTH     ; 48          ; CARRY_CHAIN_LENGTH                                                         ;
; NOT_GATE_PUSH_BACK     ; ON          ; NOT_GATE_PUSH_BACK                                                         ;
; CARRY_CNT_EN           ; SMART       ; Untyped                                                                    ;
; LABWIDE_SCLR           ; ON          ; Untyped                                                                    ;
; USE_NEW_VERSION        ; TRUE        ; Untyped                                                                    ;
; CBXI_PARAMETER         ; cntr_u5k    ; Untyped                                                                    ;
+------------------------+-------------+----------------------------------------------------------------------------+
Note: In order to hide this table in the UI and the text report file, please set the "Show Parameter Settings in Synthesis Report" option in "Analysis and Synthesis Settings -> More Settings" to "Off".


+-------------------------------------------------------------------------------------------------------------------+
; Parameter Settings for User Entity Instance: BCD_count:inst1|lpm_compare1:inst5|lpm_compare:LPM_COMPARE_component ;
+------------------------+-------------+----------------------------------------------------------------------------+
; Parameter Name         ; Value       ; Type                                                                       ;
+------------------------+-------------+----------------------------------------------------------------------------+
; lpm_width              ; 4           ; Signed Integer                                                             ;
; LPM_REPRESENTATION     ; UNSIGNED    ; Untyped                                                                    ;
; LPM_PIPELINE           ; 0           ; Untyped                                                                    ;
; CHAIN_SIZE             ; 8           ; Untyped                                                                    ;
; ONE_INPUT_IS_CONSTANT  ; YES         ; Untyped                                                                    ;
; CARRY_CHAIN            ; MANUAL      ; Untyped                                                                    ;
; CASCADE_CHAIN          ; MANUAL      ; Untyped                                                                    ;
; CARRY_CHAIN_LENGTH     ; 48          ; CARRY_CHAIN_LENGTH                                                         ;
; CASCADE_CHAIN_LENGTH   ; 2           ; CASCADE_CHAIN_LENGTH                                                       ;
; DEVICE_FAMILY          ; Cyclone III ; Untyped                                                                    ;
; CBXI_PARAMETER         ; cmpr_tpi    ; Untyped                                                                    ;
; AUTO_CARRY_CHAINS      ; ON          ; AUTO_CARRY                                                                 ;
; IGNORE_CARRY_BUFFERS   ; OFF         ; IGNORE_CARRY                                                               ;
; AUTO_CASCADE_CHAINS    ; ON          ; AUTO_CASCADE                                                               ;
; IGNORE_CASCADE_BUFFERS ; OFF         ; IGNORE_CASCADE                                                             ;
+------------------------+-------------+----------------------------------------------------------------------------+
Note: In order to hide this table in the UI and the text report file, please set the "Show Parameter Settings in Synthesis Report" option in "Analysis and Synthesis Settings -> More Settings" to "Off".


+-------------------------------------------------------------------------------------------------------------------+
; Parameter Settings for User Entity Instance: BCD_count:inst1|lpm_compare1:inst7|lpm_compare:LPM_COMPARE_component ;
+------------------------+-------------+----------------------------------------------------------------------------+
; Parameter Name         ; Value       ; Type                                                                       ;
+------------------------+-------------+----------------------------------------------------------------------------+
; lpm_width              ; 4           ; Signed Integer                                                             ;
; LPM_REPRESENTATION     ; UNSIGNED    ; Untyped                                                                    ;
; LPM_PIPELINE           ; 0           ; Untyped                                                                    ;
; CHAIN_SIZE             ; 8           ; Untyped                                                                    ;
; ONE_INPUT_IS_CONSTANT  ; YES         ; Untyped                                                                    ;
; CARRY_CHAIN            ; MANUAL      ; Untyped                                                                    ;
; CASCADE_CHAIN          ; MANUAL      ; Untyped                                                                    ;
; CARRY_CHAIN_LENGTH     ; 48          ; CARRY_CHAIN_LENGTH                                                         ;
; CASCADE_CHAIN_LENGTH   ; 2           ; CASCADE_CHAIN_LENGTH                                                       ;
; DEVICE_FAMILY          ; Cyclone III ; Untyped                                                                    ;
; CBXI_PARAMETER         ; cmpr_tpi    ; Untyped                                                                    ;
; AUTO_CARRY_CHAINS      ; ON          ; AUTO_CARRY                                                                 ;
; IGNORE_CARRY_BUFFERS   ; OFF         ; IGNORE_CARRY                                                               ;
; AUTO_CASCADE_CHAINS    ; ON          ; AUTO_CASCADE                                                               ;
; IGNORE_CASCADE_BUFFERS ; OFF         ; IGNORE_CASCADE                                                             ;
+------------------------+-------------+----------------------------------------------------------------------------+
Note: In order to hide this table in the UI and the text report file, please set the "Show Parameter Settings in Synthesis Report" option in "Analysis and Synthesis Settings -> More Settings" to "Off".


+--------------------------------------------------------------------------------------------------------------------+
; Parameter Settings for User Entity Instance: clockdivide:inst|lpm_compare0:inst1|lpm_compare:LPM_COMPARE_component ;
+------------------------+-------------+-----------------------------------------------------------------------------+
; Parameter Name         ; Value       ; Type                                                                        ;
+------------------------+-------------+-----------------------------------------------------------------------------+
; lpm_width              ; 20          ; Signed Integer                                                              ;
; LPM_REPRESENTATION     ; UNSIGNED    ; Untyped                                                                     ;
; LPM_PIPELINE           ; 0           ; Untyped                                                                     ;
; CHAIN_SIZE             ; 8           ; Untyped                                                                     ;
; ONE_INPUT_IS_CONSTANT  ; YES         ; Untyped                                                                     ;
; CARRY_CHAIN            ; MANUAL      ; Untyped                                                                     ;
; CASCADE_CHAIN          ; MANUAL      ; Untyped                                                                     ;
; CARRY_CHAIN_LENGTH     ; 48          ; CARRY_CHAIN_LENGTH                                                          ;
; CASCADE_CHAIN_LENGTH   ; 2           ; CASCADE_CHAIN_LENGTH                                                        ;
; DEVICE_FAMILY          ; Cyclone III ; Untyped                                                                     ;
; CBXI_PARAMETER         ; cmpr_bri    ; Untyped                                                                     ;
; AUTO_CARRY_CHAINS      ; ON          ; AUTO_CARRY                                                                  ;
; IGNORE_CARRY_BUFFERS   ; OFF         ; IGNORE_CARRY                                                                ;
; AUTO_CASCADE_CHAINS    ; ON          ; AUTO_CASCADE                                                                ;
; IGNORE_CASCADE_BUFFERS ; OFF         ; IGNORE_CASCADE                                                              ;
+------------------------+-------------+-----------------------------------------------------------------------------+
Note: In order to hide this table in the UI and the text report file, please set the "Show Parameter Settings in Synthesis Report" option in "Analysis and Synthesis Settings -> More Settings" to "Off".


+-------------------------------------------------------------------------------------------------------------------+
; Parameter Settings for User Entity Instance: clockdivide:inst|lpm_counter0:inst|lpm_counter:LPM_COUNTER_component ;
+------------------------+-------------+----------------------------------------------------------------------------+
; Parameter Name         ; Value       ; Type                                                                       ;
+------------------------+-------------+----------------------------------------------------------------------------+
; AUTO_CARRY_CHAINS      ; ON          ; AUTO_CARRY                                                                 ;
; IGNORE_CARRY_BUFFERS   ; OFF         ; IGNORE_CARRY                                                               ;
; AUTO_CASCADE_CHAINS    ; ON          ; AUTO_CASCADE                                                               ;
; IGNORE_CASCADE_BUFFERS ; OFF         ; IGNORE_CASCADE                                                             ;
; LPM_WIDTH              ; 20          ; Signed Integer                                                             ;
; LPM_DIRECTION          ; UP          ; Untyped                                                                    ;
; LPM_MODULUS            ; 1000000     ; Signed Integer                                                             ;
; LPM_AVALUE             ; UNUSED      ; Untyped                                                                    ;
; LPM_SVALUE             ; UNUSED      ; Untyped                                                                    ;
; LPM_PORT_UPDOWN        ; PORT_UNUSED ; Untyped                                                                    ;
; DEVICE_FAMILY          ; Cyclone III ; Untyped                                                                    ;
; CARRY_CHAIN            ; MANUAL      ; Untyped                                                                    ;
; CARRY_CHAIN_LENGTH     ; 48          ; CARRY_CHAIN_LENGTH                                                         ;
; NOT_GATE_PUSH_BACK     ; ON          ; NOT_GATE_PUSH_BACK                                                         ;
; CARRY_CNT_EN           ; SMART       ; Untyped                                                                    ;
; LABWIDE_SCLR           ; ON          ; Untyped                                                                    ;
; USE_NEW_VERSION        ; TRUE        ; Untyped                                                                    ;
; CBXI_PARAMETER         ; cntr_ecj    ; Untyped                                                                    ;
+------------------------+-------------+----------------------------------------------------------------------------+
Note: In order to hide this table in the UI and the text report file, please set the "Show Parameter Settings in Synthesis Report" option in "Analysis and Synthesis Settings -> More Settings" to "Off".


+----------------------------------------------------------------------------------------------------+
; Parameter Settings for User Entity Instance: lpm_clshift0:inst10|lpm_clshift:LPM_CLSHIFT_component ;
+----------------+-----------------+-----------------------------------------------------------------+
; Parameter Name ; Value           ; Type                                                            ;
+----------------+-----------------+-----------------------------------------------------------------+
; LPM_PIPELINE   ; 1               ; Signed Integer                                                  ;
; LPM_SHIFTTYPE  ; LOGICAL         ; Untyped                                                         ;
; LPM_WIDTH      ; 7               ; Signed Integer                                                  ;
; LPM_WIDTHDIST  ; 1               ; Signed Integer                                                  ;
; CBXI_PARAMETER ; lpm_clshift_h2e ; Untyped                                                         ;
+----------------+-----------------+-----------------------------------------------------------------+
Note: In order to hide this table in the UI and the text report file, please set the "Show Parameter Settings in Synthesis Report" option in "Analysis and Synthesis Settings -> More Settings" to "Off".


+----------------------------------------------------------------------------------------------------+
; Parameter Settings for User Entity Instance: lpm_clshift0:inst11|lpm_clshift:LPM_CLSHIFT_component ;
+----------------+-----------------+-----------------------------------------------------------------+
; Parameter Name ; Value           ; Type                                                            ;
+----------------+-----------------+-----------------------------------------------------------------+
; LPM_PIPELINE   ; 1               ; Signed Integer                                                  ;
; LPM_SHIFTTYPE  ; LOGICAL         ; Untyped                                                         ;
; LPM_WIDTH      ; 7               ; Signed Integer                                                  ;
; LPM_WIDTHDIST  ; 1               ; Signed Integer                                                  ;
; CBXI_PARAMETER ; lpm_clshift_h2e ; Untyped                                                         ;
+----------------+-----------------+-----------------------------------------------------------------+
Note: In order to hide this table in the UI and the text report file, please set the "Show Parameter Settings in Synthesis Report" option in "Analysis and Synthesis Settings -> More Settings" to "Off".


+----------------------------------------------------------------------------------------------------+
; Parameter Settings for User Entity Instance: lpm_clshift0:inst12|lpm_clshift:LPM_CLSHIFT_component ;
+----------------+-----------------+-----------------------------------------------------------------+
; Parameter Name ; Value           ; Type                                                            ;
+----------------+-----------------+-----------------------------------------------------------------+
; LPM_PIPELINE   ; 1               ; Signed Integer                                                  ;
; LPM_SHIFTTYPE  ; LOGICAL         ; Untyped                                                         ;
; LPM_WIDTH      ; 7               ; Signed Integer                                                  ;
; LPM_WIDTHDIST  ; 1               ; Signed Integer                                                  ;
; CBXI_PARAMETER ; lpm_clshift_h2e ; Untyped                                                         ;
+----------------+-----------------+-----------------------------------------------------------------+
Note: In order to hide this table in the UI and the text report file, please set the "Show Parameter Settings in Synthesis Report" option in "Analysis and Synthesis Settings -> More Settings" to "Off".


+-------------------------------+
; Elapsed Time Per Partition    ;
+----------------+--------------+
; Partition Name ; Elapsed Time ;
+----------------+--------------+
; Top            ; 00:00:01     ;
+----------------+--------------+


+-------------------------------+
; Analysis & Synthesis Messages ;
+-------------------------------+
Info: *******************************************************************
Info: Running Quartus II 64-Bit Analysis & Synthesis
    Info: Version 13.0.1 Build 232 06/12/2013 Service Pack 1 SJ Full Version
    Info: Processing started: Wed Feb 25 15:22:42 2015
Info: Command: quartus_map --read_settings_files=on --write_settings_files=off stopwatch -c stopwatch
Info (11104): Parallel Compilation has detected 4 hyper-threaded processors. However, the extra hyper-threaded processors will not be used by default. Parallel Compilation will use 2 of the 2 physical processors detected instead.
Info (12021): Found 2 design units, including 1 entities, in source file lpm_counter0.vhd
    Info (12022): Found design unit 1: lpm_counter0-SYN
    Info (12023): Found entity 1: lpm_counter0
Info (12021): Found 1 design units, including 1 entities, in source file stopwatch.bdf
    Info (12023): Found entity 1: stopwatch
Info (12021): Found 1 design units, including 1 entities, in source file clockdivide.bdf
    Info (12023): Found entity 1: clockdivide
Info (12021): Found 1 design units, including 1 entities, in source file decoder.bdf
    Info (12023): Found entity 1: decoder
Info (12021): Found 1 design units, including 1 entities, in source file bcd_count.bdf
    Info (12023): Found entity 1: BCD_count
Info (12021): Found 1 design units, including 1 entities, in source file statemachine.bdf
    Info (12023): Found entity 1: stateMachine
Info (12021): Found 2 design units, including 1 entities, in source file lpm_compare0.vhd
    Info (12022): Found design unit 1: lpm_compare0-SYN
    Info (12023): Found entity 1: lpm_compare0
Info (12021): Found 2 design units, including 1 entities, in source file lpm_counter1.vhd
    Info (12022): Found design unit 1: lpm_counter1-SYN
    Info (12023): Found entity 1: lpm_counter1
Info (12021): Found 2 design units, including 1 entities, in source file lpm_compare1.vhd
    Info (12022): Found design unit 1: lpm_compare1-SYN
    Info (12023): Found entity 1: lpm_compare1
Info (12021): Found 2 design units, including 1 entities, in source file lpm_clshift0.vhd
    Info (12022): Found design unit 1: lpm_clshift0-SYN
    Info (12023): Found entity 1: lpm_clshift0
Info (12021): Found 4 design units, including 2 entities, in source file altclkctrl0.vhd
    Info (12022): Found design unit 1: altclkctrl0_altclkctrl_uhi-RTL
    Info (12022): Found design unit 2: altclkctrl0-RTL
    Info (12023): Found entity 1: altclkctrl0_altclkctrl_uhi
    Info (12023): Found entity 2: altclkctrl0
Info (12127): Elaborating entity "stopwatch" for the top level hierarchy
Info (12128): Elaborating entity "lpm_clshift0" for hierarchy "lpm_clshift0:inst9"
Info (12128): Elaborating entity "lpm_clshift" for hierarchy "lpm_clshift0:inst9|lpm_clshift:LPM_CLSHIFT_component"
Info (12130): Elaborated megafunction instantiation "lpm_clshift0:inst9|lpm_clshift:LPM_CLSHIFT_component"
Info (12133): Instantiated megafunction "lpm_clshift0:inst9|lpm_clshift:LPM_CLSHIFT_component" with the following parameter:
    Info (12134): Parameter "lpm_pipeline" = "1"
    Info (12134): Parameter "lpm_shifttype" = "LOGICAL"
    Info (12134): Parameter "lpm_type" = "LPM_CLSHIFT"
    Info (12134): Parameter "lpm_width" = "7"
    Info (12134): Parameter "lpm_widthdist" = "1"
Info (12021): Found 1 design units, including 1 entities, in source file db/lpm_clshift_h2e.tdf
    Info (12023): Found entity 1: lpm_clshift_h2e
Info (12128): Elaborating entity "lpm_clshift_h2e" for hierarchy "lpm_clshift0:inst9|lpm_clshift:LPM_CLSHIFT_component|lpm_clshift_h2e:auto_generated"
Info (12128): Elaborating entity "altclkctrl0" for hierarchy "altclkctrl0:inst6"
Info (12128): Elaborating entity "altclkctrl0_altclkctrl_uhi" for hierarchy "altclkctrl0:inst6|altclkctrl0_altclkctrl_uhi:altclkctrl0_altclkctrl_uhi_component"
Info (12128): Elaborating entity "decoder" for hierarchy "decoder:inst2"
Info (12128): Elaborating entity "7446" for hierarchy "decoder:inst2|7446:inst2"
Info (12130): Elaborated megafunction instantiation "decoder:inst2|7446:inst2"
Info (12128): Elaborating entity "BCD_count" for hierarchy "BCD_count:inst1"
Info (12128): Elaborating entity "lpm_counter1" for hierarchy "BCD_count:inst1|lpm_counter1:inst"
Info (12128): Elaborating entity "lpm_counter" for hierarchy "BCD_count:inst1|lpm_counter1:inst|lpm_counter:LPM_COUNTER_component"
Info (12130): Elaborated megafunction instantiation "BCD_count:inst1|lpm_counter1:inst|lpm_counter:LPM_COUNTER_component"
Info (12133): Instantiated megafunction "BCD_count:inst1|lpm_counter1:inst|lpm_counter:LPM_COUNTER_component" with the following parameter:
    Info (12134): Parameter "lpm_direction" = "UP"
    Info (12134): Parameter "lpm_modulus" = "10"
    Info (12134): Parameter "lpm_port_updown" = "PORT_UNUSED"
    Info (12134): Parameter "lpm_type" = "LPM_COUNTER"
    Info (12134): Parameter "lpm_width" = "4"
Info (12021): Found 1 design units, including 1 entities, in source file db/cntr_u5k.tdf
    Info (12023): Found entity 1: cntr_u5k
Info (12128): Elaborating entity "cntr_u5k" for hierarchy "BCD_count:inst1|lpm_counter1:inst|lpm_counter:LPM_COUNTER_component|cntr_u5k:auto_generated"
Info (12021): Found 1 design units, including 1 entities, in source file db/cmpr_hfc.tdf
    Info (12023): Found entity 1: cmpr_hfc
Info (12128): Elaborating entity "cmpr_hfc" for hierarchy "BCD_count:inst1|lpm_counter1:inst|lpm_counter:LPM_COUNTER_component|cntr_u5k:auto_generated|cmpr_hfc:cmpr1"
Info (12128): Elaborating entity "lpm_compare1" for hierarchy "BCD_count:inst1|lpm_compare1:inst1"
Info (12128): Elaborating entity "lpm_compare" for hierarchy "BCD_count:inst1|lpm_compare1:inst1|lpm_compare:LPM_COMPARE_component"
Info (12130): Elaborated megafunction instantiation "BCD_count:inst1|lpm_compare1:inst1|lpm_compare:LPM_COMPARE_component"
Info (12133): Instantiated megafunction "BCD_count:inst1|lpm_compare1:inst1|lpm_compare:LPM_COMPARE_component" with the following parameter:
    Info (12134): Parameter "lpm_hint" = "ONE_INPUT_IS_CONSTANT=YES"
    Info (12134): Parameter "lpm_representation" = "UNSIGNED"
    Info (12134): Parameter "lpm_type" = "LPM_COMPARE"
    Info (12134): Parameter "lpm_width" = "4"
Info (12021): Found 1 design units, including 1 entities, in source file db/cmpr_tpi.tdf
    Info (12023): Found entity 1: cmpr_tpi
Info (12128): Elaborating entity "cmpr_tpi" for hierarchy "BCD_count:inst1|lpm_compare1:inst1|lpm_compare:LPM_COMPARE_component|cmpr_tpi:auto_generated"
Info (12128): Elaborating entity "clockdivide" for hierarchy "clockdivide:inst"
Info (12128): Elaborating entity "lpm_compare0" for hierarchy "clockdivide:inst|lpm_compare0:inst1"
Info (12128): Elaborating entity "lpm_compare" for hierarchy "clockdivide:inst|lpm_compare0:inst1|lpm_compare:LPM_COMPARE_component"
Info (12130): Elaborated megafunction instantiation "clockdivide:inst|lpm_compare0:inst1|lpm_compare:LPM_COMPARE_component"
Info (12133): Instantiated megafunction "clockdivide:inst|lpm_compare0:inst1|lpm_compare:LPM_COMPARE_component" with the following parameter:
    Info (12134): Parameter "lpm_hint" = "ONE_INPUT_IS_CONSTANT=YES"
    Info (12134): Parameter "lpm_representation" = "UNSIGNED"
    Info (12134): Parameter "lpm_type" = "LPM_COMPARE"
    Info (12134): Parameter "lpm_width" = "20"
Info (12021): Found 1 design units, including 1 entities, in source file db/cmpr_bri.tdf
    Info (12023): Found entity 1: cmpr_bri
Info (12128): Elaborating entity "cmpr_bri" for hierarchy "clockdivide:inst|lpm_compare0:inst1|lpm_compare:LPM_COMPARE_component|cmpr_bri:auto_generated"
Info (12128): Elaborating entity "lpm_counter0" for hierarchy "clockdivide:inst|lpm_counter0:inst"
Info (12128): Elaborating entity "lpm_counter" for hierarchy "clockdivide:inst|lpm_counter0:inst|lpm_counter:LPM_COUNTER_component"
Info (12130): Elaborated megafunction instantiation "clockdivide:inst|lpm_counter0:inst|lpm_counter:LPM_COUNTER_component"
Info (12133): Instantiated megafunction "clockdivide:inst|lpm_counter0:inst|lpm_counter:LPM_COUNTER_component" with the following parameter:
    Info (12134): Parameter "lpm_direction" = "UP"
    Info (12134): Parameter "lpm_modulus" = "1000000"
    Info (12134): Parameter "lpm_port_updown" = "PORT_UNUSED"
    Info (12134): Parameter "lpm_type" = "LPM_COUNTER"
    Info (12134): Parameter "lpm_width" = "20"
Info (12021): Found 1 design units, including 1 entities, in source file db/cntr_ecj.tdf
    Info (12023): Found entity 1: cntr_ecj
Info (12128): Elaborating entity "cntr_ecj" for hierarchy "clockdivide:inst|lpm_counter0:inst|lpm_counter:LPM_COUNTER_component|cntr_ecj:auto_generated"
Info (12021): Found 1 design units, including 1 entities, in source file db/cmpr_vgc.tdf
    Info (12023): Found entity 1: cmpr_vgc
Info (12128): Elaborating entity "cmpr_vgc" for hierarchy "clockdivide:inst|lpm_counter0:inst|lpm_counter:LPM_COUNTER_component|cntr_ecj:auto_generated|cmpr_vgc:cmpr1"
Warning (12000): Port "distance" in macrofunction "LPM_CLSHIFT_component" has no range declared,the Quartus II software will connect the port to pin "distance[0]" because the pin is a member of a single bit bus with the same name as the port
Warning (12000): Port "distance" in macrofunction "LPM_CLSHIFT_component" has no range declared,the Quartus II software will connect the port to pin "distance[0]" because the pin is a member of a single bit bus with the same name as the port
Warning (12000): Port "distance" in macrofunction "LPM_CLSHIFT_component" has no range declared,the Quartus II software will connect the port to pin "distance[0]" because the pin is a member of a single bit bus with the same name as the port
Warning (12000): Port "distance" in macrofunction "LPM_CLSHIFT_component" has no range declared,the Quartus II software will connect the port to pin "distance[0]" because the pin is a member of a single bit bus with the same name as the port
Warning (13024): Output pins are stuck at VCC or GND
    Warning (13410): Pin "dot" is stuck at GND
Info (286030): Timing-Driven Synthesis is running
Info (16010): Generating hard_block partition "hard_block:auto_generated_inst"
    Info (16011): Adding 0 node(s), including 0 DDIO, 0 PLL, 0 transceiver and 0 LCELL
Info (21057): Implemented 128 device resources after synthesis - the final resource count might be different
    Info (21058): Implemented 4 input pins
    Info (21059): Implemented 29 output pins
    Info (21061): Implemented 94 logic cells
Info: Quartus II 64-Bit Analysis & Synthesis was successful. 0 errors, 6 warnings
    Info: Peak virtual memory: 504 megabytes
    Info: Processing ended: Wed Feb 25 15:22:55 2015
    Info: Elapsed time: 00:00:13
    Info: Total CPU time (on all processors): 00:00:06


