Simulator report for stopwatch
Wed Mar 25 18:05:29 2015
Quartus II 64-Bit Version 13.0.1 Build 232 06/12/2013 Service Pack 1 SJ Full Version


---------------------
; Table of Contents ;
---------------------
  1. Legal Notice
  2. Simulator Summary
  3. Simulator Settings
  4. Simulation Waveforms
  5. Coverage Summary
  6. Complete 1/0-Value Coverage
  7. Missing 1-Value Coverage
  8. Missing 0-Value Coverage
  9. Simulator INI Usage
 10. Simulator Messages



----------------
; Legal Notice ;
----------------
Copyright (C) 1991-2013 Altera Corporation
Your use of Altera Corporation's design tools, logic functions 
and other software and tools, and its AMPP partner logic 
functions, and any output files from any of the foregoing 
(including device programming or simulation files), and any 
associated documentation or information are expressly subject 
to the terms and conditions of the Altera Program License 
Subscription Agreement, Altera MegaCore Function License 
Agreement, or other applicable license agreement, including, 
without limitation, that your use is for the sole purpose of 
programming logic devices manufactured by Altera and sold by 
Altera or its authorized distributors.  Please refer to the 
applicable agreement for further details.



+--------------------------------------------+
; Simulator Summary                          ;
+-----------------------------+--------------+
; Type                        ; Value        ;
+-----------------------------+--------------+
; Simulation Start Time       ; 0 ps         ;
; Simulation End Time         ; 1.0 us       ;
; Simulation Netlist Size     ; 97 nodes     ;
; Simulation Coverage         ;       2.65 % ;
; Total Number of Transitions ; 220          ;
; Simulation Breakpoints      ; 0            ;
; Family                      ; Cyclone III  ;
+-----------------------------+--------------+


+---------------------------------------------------------------------------------------------------------------------------------------------------------------------+
; Simulator Settings                                                                                                                                                  ;
+--------------------------------------------------------------------------------------------+--------------------------------------------------------+---------------+
; Option                                                                                     ; Setting                                                ; Default Value ;
+--------------------------------------------------------------------------------------------+--------------------------------------------------------+---------------+
; Simulation mode                                                                            ; Functional                                             ; Timing        ;
; Start time                                                                                 ; 0 ns                                                   ; 0 ns          ;
; Simulation results format                                                                  ; VWF                                                    ;               ;
; Vector input source                                                                        ; H:/FPGA/eie1_fpga_lab/projects/stopwatch/Waveform2.vwf ;               ;
; Add pins automatically to simulation output waveforms                                      ; On                                                     ; On            ;
; Check outputs                                                                              ; Off                                                    ; Off           ;
; Report simulation coverage                                                                 ; On                                                     ; On            ;
; Display complete 1/0 value coverage report                                                 ; On                                                     ; On            ;
; Display missing 1-value coverage report                                                    ; On                                                     ; On            ;
; Display missing 0-value coverage report                                                    ; On                                                     ; On            ;
; Detect setup and hold time violations                                                      ; Off                                                    ; Off           ;
; Detect glitches                                                                            ; Off                                                    ; Off           ;
; Disable timing delays in Timing Simulation                                                 ; Off                                                    ; Off           ;
; Generate Signal Activity File                                                              ; Off                                                    ; Off           ;
; Generate VCD File for PowerPlay Power Analyzer                                             ; Off                                                    ; Off           ;
; Group bus channels in simulation results                                                   ; Off                                                    ; Off           ;
; Preserve fewer signal transitions to reduce memory requirements                            ; On                                                     ; On            ;
; Trigger vector comparison with the specified mode                                          ; INPUT_EDGE                                             ; INPUT_EDGE    ;
; Disable setup and hold time violations detection in input registers of bi-directional pins ; Off                                                    ; Off           ;
; Overwrite Waveform Inputs With Simulation Outputs                                          ; Off                                                    ;               ;
; Perform Glitch Filtering in Timing Simulation                                              ; Auto                                                   ; Auto          ;
; Interconnect Delay Model Type                                                              ; Transport                                              ; Transport     ;
; Cell Delay Model Type                                                                      ; Transport                                              ; Transport     ;
+--------------------------------------------------------------------------------------------+--------------------------------------------------------+---------------+


+----------------------+
; Simulation Waveforms ;
+----------------------+
Waveform report data cannot be output to ASCII.
Please use Quartus II 64-Bit to view the waveform report data.


+--------------------------------------------------------------------+
; Coverage Summary                                                   ;
+-----------------------------------------------------+--------------+
; Type                                                ; Value        ;
+-----------------------------------------------------+--------------+
; Total coverage as a percentage                      ;       2.65 % ;
; Total nodes checked                                 ; 97           ;
; Total output ports checked                          ; 113          ;
; Total output ports with complete 1/0-value coverage ; 3            ;
; Total output ports with no 1/0-value coverage       ; 107          ;
; Total output ports with no 1-value coverage         ; 107          ;
; Total output ports with no 0-value coverage         ; 110          ;
+-----------------------------------------------------+--------------+


The following table displays output ports that toggle between 1 and 0 during simulation.
+------------------------------------------------------------------+
; Complete 1/0-Value Coverage                                      ;
+-----------------------+-----------------------+------------------+
; Node Name             ; Output Port Name      ; Output Port Type ;
+-----------------------+-----------------------+------------------+
; |BCD_count|inst9      ; |BCD_count|inst9      ; regout           ;
; |BCD_count|global_clk ; |BCD_count|global_clk ; out              ;
; |BCD_count|clock      ; |BCD_count|clock      ; out              ;
+-----------------------+-----------------------+------------------+


The following table displays output ports that do not toggle to 1 during simulation.
+----------------------------------------------------------------------------------------------------------------------------------------------------------------------------------------------------------------------------------------------------------------------------+
; Missing 1-Value Coverage                                                                                                                                                                                                                                                   ;
+----------------------------------------------------------------------------------------------------------------------------+----------------------------------------------------------------------------------------------------------------------------+------------------+
; Node Name                                                                                                                  ; Output Port Name                                                                                                           ; Output Port Type ;
+----------------------------------------------------------------------------------------------------------------------------+----------------------------------------------------------------------------------------------------------------------------+------------------+
; |BCD_count|digit0[3]                                                                                                       ; |BCD_count|digit0[3]                                                                                                       ; pin_out          ;
; |BCD_count|digit0[2]                                                                                                       ; |BCD_count|digit0[2]                                                                                                       ; pin_out          ;
; |BCD_count|digit0[1]                                                                                                       ; |BCD_count|digit0[1]                                                                                                       ; pin_out          ;
; |BCD_count|digit0[0]                                                                                                       ; |BCD_count|digit0[0]                                                                                                       ; pin_out          ;
; |BCD_count|enable                                                                                                          ; |BCD_count|enable                                                                                                          ; out              ;
; |BCD_count|reset                                                                                                           ; |BCD_count|reset                                                                                                           ; out              ;
; |BCD_count|digit1[3]                                                                                                       ; |BCD_count|digit1[3]                                                                                                       ; pin_out          ;
; |BCD_count|digit1[2]                                                                                                       ; |BCD_count|digit1[2]                                                                                                       ; pin_out          ;
; |BCD_count|digit1[1]                                                                                                       ; |BCD_count|digit1[1]                                                                                                       ; pin_out          ;
; |BCD_count|digit1[0]                                                                                                       ; |BCD_count|digit1[0]                                                                                                       ; pin_out          ;
; |BCD_count|digit2[3]                                                                                                       ; |BCD_count|digit2[3]                                                                                                       ; pin_out          ;
; |BCD_count|digit2[2]                                                                                                       ; |BCD_count|digit2[2]                                                                                                       ; pin_out          ;
; |BCD_count|digit2[1]                                                                                                       ; |BCD_count|digit2[1]                                                                                                       ; pin_out          ;
; |BCD_count|digit2[0]                                                                                                       ; |BCD_count|digit2[0]                                                                                                       ; pin_out          ;
; |BCD_count|digit3[3]                                                                                                       ; |BCD_count|digit3[3]                                                                                                       ; pin_out          ;
; |BCD_count|digit3[2]                                                                                                       ; |BCD_count|digit3[2]                                                                                                       ; pin_out          ;
; |BCD_count|digit3[1]                                                                                                       ; |BCD_count|digit3[1]                                                                                                       ; pin_out          ;
; |BCD_count|digit3[0]                                                                                                       ; |BCD_count|digit3[0]                                                                                                       ; pin_out          ;
; |BCD_count|lpm_compare1:inst5|lpm_compare:LPM_COMPARE_component|cmpr_lnk:auto_generated|aeb_output_dffe_d_wire0w[0]        ; |BCD_count|lpm_compare1:inst5|lpm_compare:LPM_COMPARE_component|cmpr_lnk:auto_generated|aeb_output_dffe_d_wire0w[0]        ; out0             ;
; |BCD_count|lpm_compare1:inst5|lpm_compare:LPM_COMPARE_component|cmpr_lnk:auto_generated|data_wire[1]                       ; |BCD_count|lpm_compare1:inst5|lpm_compare:LPM_COMPARE_component|cmpr_lnk:auto_generated|data_wire[1]                       ; out0             ;
; |BCD_count|lpm_compare1:inst5|lpm_compare:LPM_COMPARE_component|cmpr_lnk:auto_generated|data_wire[0]                       ; |BCD_count|lpm_compare1:inst5|lpm_compare:LPM_COMPARE_component|cmpr_lnk:auto_generated|data_wire[0]                       ; out0             ;
; |BCD_count|lpm_counter1:inst6|lpm_counter:LPM_COUNTER_component|cntr_u5k:auto_generated|cout_actual                        ; |BCD_count|lpm_counter1:inst6|lpm_counter:LPM_COUNTER_component|cntr_u5k:auto_generated|cout_actual                        ; out0             ;
; |BCD_count|lpm_counter1:inst6|lpm_counter:LPM_COUNTER_component|cntr_u5k:auto_generated|counter_comb_bita0                 ; |BCD_count|lpm_counter1:inst6|lpm_counter:LPM_COUNTER_component|cntr_u5k:auto_generated|counter_comb_bita0                 ; combout          ;
; |BCD_count|lpm_counter1:inst6|lpm_counter:LPM_COUNTER_component|cntr_u5k:auto_generated|counter_comb_bita0                 ; |BCD_count|lpm_counter1:inst6|lpm_counter:LPM_COUNTER_component|cntr_u5k:auto_generated|counter_comb_bita0~COUT            ; cout             ;
; |BCD_count|lpm_counter1:inst6|lpm_counter:LPM_COUNTER_component|cntr_u5k:auto_generated|counter_comb_bita1                 ; |BCD_count|lpm_counter1:inst6|lpm_counter:LPM_COUNTER_component|cntr_u5k:auto_generated|counter_comb_bita1                 ; combout          ;
; |BCD_count|lpm_counter1:inst6|lpm_counter:LPM_COUNTER_component|cntr_u5k:auto_generated|counter_comb_bita1                 ; |BCD_count|lpm_counter1:inst6|lpm_counter:LPM_COUNTER_component|cntr_u5k:auto_generated|counter_comb_bita1~COUT            ; cout             ;
; |BCD_count|lpm_counter1:inst6|lpm_counter:LPM_COUNTER_component|cntr_u5k:auto_generated|counter_comb_bita2                 ; |BCD_count|lpm_counter1:inst6|lpm_counter:LPM_COUNTER_component|cntr_u5k:auto_generated|counter_comb_bita2                 ; combout          ;
; |BCD_count|lpm_counter1:inst6|lpm_counter:LPM_COUNTER_component|cntr_u5k:auto_generated|counter_comb_bita2                 ; |BCD_count|lpm_counter1:inst6|lpm_counter:LPM_COUNTER_component|cntr_u5k:auto_generated|counter_comb_bita2~COUT            ; cout             ;
; |BCD_count|lpm_counter1:inst6|lpm_counter:LPM_COUNTER_component|cntr_u5k:auto_generated|counter_comb_bita3                 ; |BCD_count|lpm_counter1:inst6|lpm_counter:LPM_COUNTER_component|cntr_u5k:auto_generated|counter_comb_bita3                 ; combout          ;
; |BCD_count|lpm_counter1:inst6|lpm_counter:LPM_COUNTER_component|cntr_u5k:auto_generated|counter_comb_bita3                 ; |BCD_count|lpm_counter1:inst6|lpm_counter:LPM_COUNTER_component|cntr_u5k:auto_generated|counter_comb_bita3~COUT            ; cout             ;
; |BCD_count|lpm_counter1:inst6|lpm_counter:LPM_COUNTER_component|cntr_u5k:auto_generated|counter_reg_bit[3]                 ; |BCD_count|lpm_counter1:inst6|lpm_counter:LPM_COUNTER_component|cntr_u5k:auto_generated|counter_reg_bit[3]                 ; regout           ;
; |BCD_count|lpm_counter1:inst6|lpm_counter:LPM_COUNTER_component|cntr_u5k:auto_generated|counter_reg_bit[2]                 ; |BCD_count|lpm_counter1:inst6|lpm_counter:LPM_COUNTER_component|cntr_u5k:auto_generated|counter_reg_bit[2]                 ; regout           ;
; |BCD_count|lpm_counter1:inst6|lpm_counter:LPM_COUNTER_component|cntr_u5k:auto_generated|counter_reg_bit[1]                 ; |BCD_count|lpm_counter1:inst6|lpm_counter:LPM_COUNTER_component|cntr_u5k:auto_generated|counter_reg_bit[1]                 ; regout           ;
; |BCD_count|lpm_counter1:inst6|lpm_counter:LPM_COUNTER_component|cntr_u5k:auto_generated|counter_reg_bit[0]                 ; |BCD_count|lpm_counter1:inst6|lpm_counter:LPM_COUNTER_component|cntr_u5k:auto_generated|counter_reg_bit[0]                 ; regout           ;
; |BCD_count|lpm_counter1:inst6|lpm_counter:LPM_COUNTER_component|cntr_u5k:auto_generated|cmpr_hfc:cmpr1|aneb_result_wire[0] ; |BCD_count|lpm_counter1:inst6|lpm_counter:LPM_COUNTER_component|cntr_u5k:auto_generated|cmpr_hfc:cmpr1|aneb_result_wire[0] ; out0             ;
; |BCD_count|lpm_counter1:inst6|lpm_counter:LPM_COUNTER_component|cntr_u5k:auto_generated|cmpr_hfc:cmpr1|data_wire[1]        ; |BCD_count|lpm_counter1:inst6|lpm_counter:LPM_COUNTER_component|cntr_u5k:auto_generated|cmpr_hfc:cmpr1|data_wire[1]        ; out0             ;
; |BCD_count|lpm_counter1:inst6|lpm_counter:LPM_COUNTER_component|cntr_u5k:auto_generated|cmpr_hfc:cmpr1|data_wire[0]        ; |BCD_count|lpm_counter1:inst6|lpm_counter:LPM_COUNTER_component|cntr_u5k:auto_generated|cmpr_hfc:cmpr1|data_wire[0]        ; out0             ;
; |BCD_count|lpm_compare1:inst3|lpm_compare:LPM_COMPARE_component|cmpr_lnk:auto_generated|aeb_output_dffe_d_wire0w[0]        ; |BCD_count|lpm_compare1:inst3|lpm_compare:LPM_COMPARE_component|cmpr_lnk:auto_generated|aeb_output_dffe_d_wire0w[0]        ; out0             ;
; |BCD_count|lpm_compare1:inst3|lpm_compare:LPM_COMPARE_component|cmpr_lnk:auto_generated|data_wire[1]                       ; |BCD_count|lpm_compare1:inst3|lpm_compare:LPM_COMPARE_component|cmpr_lnk:auto_generated|data_wire[1]                       ; out0             ;
; |BCD_count|lpm_compare1:inst3|lpm_compare:LPM_COMPARE_component|cmpr_lnk:auto_generated|data_wire[0]                       ; |BCD_count|lpm_compare1:inst3|lpm_compare:LPM_COMPARE_component|cmpr_lnk:auto_generated|data_wire[0]                       ; out0             ;
; |BCD_count|lpm_counter1:inst4|lpm_counter:LPM_COUNTER_component|cntr_u5k:auto_generated|cout_actual                        ; |BCD_count|lpm_counter1:inst4|lpm_counter:LPM_COUNTER_component|cntr_u5k:auto_generated|cout_actual                        ; out0             ;
; |BCD_count|lpm_counter1:inst4|lpm_counter:LPM_COUNTER_component|cntr_u5k:auto_generated|counter_comb_bita0                 ; |BCD_count|lpm_counter1:inst4|lpm_counter:LPM_COUNTER_component|cntr_u5k:auto_generated|counter_comb_bita0                 ; combout          ;
; |BCD_count|lpm_counter1:inst4|lpm_counter:LPM_COUNTER_component|cntr_u5k:auto_generated|counter_comb_bita0                 ; |BCD_count|lpm_counter1:inst4|lpm_counter:LPM_COUNTER_component|cntr_u5k:auto_generated|counter_comb_bita0~COUT            ; cout             ;
; |BCD_count|lpm_counter1:inst4|lpm_counter:LPM_COUNTER_component|cntr_u5k:auto_generated|counter_comb_bita1                 ; |BCD_count|lpm_counter1:inst4|lpm_counter:LPM_COUNTER_component|cntr_u5k:auto_generated|counter_comb_bita1                 ; combout          ;
; |BCD_count|lpm_counter1:inst4|lpm_counter:LPM_COUNTER_component|cntr_u5k:auto_generated|counter_comb_bita1                 ; |BCD_count|lpm_counter1:inst4|lpm_counter:LPM_COUNTER_component|cntr_u5k:auto_generated|counter_comb_bita1~COUT            ; cout             ;
; |BCD_count|lpm_counter1:inst4|lpm_counter:LPM_COUNTER_component|cntr_u5k:auto_generated|counter_comb_bita2                 ; |BCD_count|lpm_counter1:inst4|lpm_counter:LPM_COUNTER_component|cntr_u5k:auto_generated|counter_comb_bita2                 ; combout          ;
; |BCD_count|lpm_counter1:inst4|lpm_counter:LPM_COUNTER_component|cntr_u5k:auto_generated|counter_comb_bita2                 ; |BCD_count|lpm_counter1:inst4|lpm_counter:LPM_COUNTER_component|cntr_u5k:auto_generated|counter_comb_bita2~COUT            ; cout             ;
; |BCD_count|lpm_counter1:inst4|lpm_counter:LPM_COUNTER_component|cntr_u5k:auto_generated|counter_comb_bita3                 ; |BCD_count|lpm_counter1:inst4|lpm_counter:LPM_COUNTER_component|cntr_u5k:auto_generated|counter_comb_bita3                 ; combout          ;
; |BCD_count|lpm_counter1:inst4|lpm_counter:LPM_COUNTER_component|cntr_u5k:auto_generated|counter_comb_bita3                 ; |BCD_count|lpm_counter1:inst4|lpm_counter:LPM_COUNTER_component|cntr_u5k:auto_generated|counter_comb_bita3~COUT            ; cout             ;
; |BCD_count|lpm_counter1:inst4|lpm_counter:LPM_COUNTER_component|cntr_u5k:auto_generated|counter_reg_bit[3]                 ; |BCD_count|lpm_counter1:inst4|lpm_counter:LPM_COUNTER_component|cntr_u5k:auto_generated|counter_reg_bit[3]                 ; regout           ;
; |BCD_count|lpm_counter1:inst4|lpm_counter:LPM_COUNTER_component|cntr_u5k:auto_generated|counter_reg_bit[2]                 ; |BCD_count|lpm_counter1:inst4|lpm_counter:LPM_COUNTER_component|cntr_u5k:auto_generated|counter_reg_bit[2]                 ; regout           ;
; |BCD_count|lpm_counter1:inst4|lpm_counter:LPM_COUNTER_component|cntr_u5k:auto_generated|counter_reg_bit[1]                 ; |BCD_count|lpm_counter1:inst4|lpm_counter:LPM_COUNTER_component|cntr_u5k:auto_generated|counter_reg_bit[1]                 ; regout           ;
; |BCD_count|lpm_counter1:inst4|lpm_counter:LPM_COUNTER_component|cntr_u5k:auto_generated|counter_reg_bit[0]                 ; |BCD_count|lpm_counter1:inst4|lpm_counter:LPM_COUNTER_component|cntr_u5k:auto_generated|counter_reg_bit[0]                 ; regout           ;
; |BCD_count|lpm_counter1:inst4|lpm_counter:LPM_COUNTER_component|cntr_u5k:auto_generated|cmpr_hfc:cmpr1|aneb_result_wire[0] ; |BCD_count|lpm_counter1:inst4|lpm_counter:LPM_COUNTER_component|cntr_u5k:auto_generated|cmpr_hfc:cmpr1|aneb_result_wire[0] ; out0             ;
; |BCD_count|lpm_counter1:inst4|lpm_counter:LPM_COUNTER_component|cntr_u5k:auto_generated|cmpr_hfc:cmpr1|data_wire[1]        ; |BCD_count|lpm_counter1:inst4|lpm_counter:LPM_COUNTER_component|cntr_u5k:auto_generated|cmpr_hfc:cmpr1|data_wire[1]        ; out0             ;
; |BCD_count|lpm_counter1:inst4|lpm_counter:LPM_COUNTER_component|cntr_u5k:auto_generated|cmpr_hfc:cmpr1|data_wire[0]        ; |BCD_count|lpm_counter1:inst4|lpm_counter:LPM_COUNTER_component|cntr_u5k:auto_generated|cmpr_hfc:cmpr1|data_wire[0]        ; out0             ;
; |BCD_count|lpm_compare1:inst1|lpm_compare:LPM_COMPARE_component|cmpr_lnk:auto_generated|aeb_output_dffe_d_wire0w[0]        ; |BCD_count|lpm_compare1:inst1|lpm_compare:LPM_COMPARE_component|cmpr_lnk:auto_generated|aeb_output_dffe_d_wire0w[0]        ; out0             ;
; |BCD_count|lpm_compare1:inst1|lpm_compare:LPM_COMPARE_component|cmpr_lnk:auto_generated|data_wire[1]                       ; |BCD_count|lpm_compare1:inst1|lpm_compare:LPM_COMPARE_component|cmpr_lnk:auto_generated|data_wire[1]                       ; out0             ;
; |BCD_count|lpm_compare1:inst1|lpm_compare:LPM_COMPARE_component|cmpr_lnk:auto_generated|data_wire[0]                       ; |BCD_count|lpm_compare1:inst1|lpm_compare:LPM_COMPARE_component|cmpr_lnk:auto_generated|data_wire[0]                       ; out0             ;
; |BCD_count|lpm_counter1:inst2|lpm_counter:LPM_COUNTER_component|cntr_u5k:auto_generated|cout_actual                        ; |BCD_count|lpm_counter1:inst2|lpm_counter:LPM_COUNTER_component|cntr_u5k:auto_generated|cout_actual                        ; out0             ;
; |BCD_count|lpm_counter1:inst2|lpm_counter:LPM_COUNTER_component|cntr_u5k:auto_generated|counter_comb_bita0                 ; |BCD_count|lpm_counter1:inst2|lpm_counter:LPM_COUNTER_component|cntr_u5k:auto_generated|counter_comb_bita0                 ; combout          ;
; |BCD_count|lpm_counter1:inst2|lpm_counter:LPM_COUNTER_component|cntr_u5k:auto_generated|counter_comb_bita0                 ; |BCD_count|lpm_counter1:inst2|lpm_counter:LPM_COUNTER_component|cntr_u5k:auto_generated|counter_comb_bita0~COUT            ; cout             ;
; |BCD_count|lpm_counter1:inst2|lpm_counter:LPM_COUNTER_component|cntr_u5k:auto_generated|counter_comb_bita1                 ; |BCD_count|lpm_counter1:inst2|lpm_counter:LPM_COUNTER_component|cntr_u5k:auto_generated|counter_comb_bita1                 ; combout          ;
; |BCD_count|lpm_counter1:inst2|lpm_counter:LPM_COUNTER_component|cntr_u5k:auto_generated|counter_comb_bita1                 ; |BCD_count|lpm_counter1:inst2|lpm_counter:LPM_COUNTER_component|cntr_u5k:auto_generated|counter_comb_bita1~COUT            ; cout             ;
; |BCD_count|lpm_counter1:inst2|lpm_counter:LPM_COUNTER_component|cntr_u5k:auto_generated|counter_comb_bita2                 ; |BCD_count|lpm_counter1:inst2|lpm_counter:LPM_COUNTER_component|cntr_u5k:auto_generated|counter_comb_bita2                 ; combout          ;
; |BCD_count|lpm_counter1:inst2|lpm_counter:LPM_COUNTER_component|cntr_u5k:auto_generated|counter_comb_bita2                 ; |BCD_count|lpm_counter1:inst2|lpm_counter:LPM_COUNTER_component|cntr_u5k:auto_generated|counter_comb_bita2~COUT            ; cout             ;
; |BCD_count|lpm_counter1:inst2|lpm_counter:LPM_COUNTER_component|cntr_u5k:auto_generated|counter_comb_bita3                 ; |BCD_count|lpm_counter1:inst2|lpm_counter:LPM_COUNTER_component|cntr_u5k:auto_generated|counter_comb_bita3                 ; combout          ;
; |BCD_count|lpm_counter1:inst2|lpm_counter:LPM_COUNTER_component|cntr_u5k:auto_generated|counter_comb_bita3                 ; |BCD_count|lpm_counter1:inst2|lpm_counter:LPM_COUNTER_component|cntr_u5k:auto_generated|counter_comb_bita3~COUT            ; cout             ;
; |BCD_count|lpm_counter1:inst2|lpm_counter:LPM_COUNTER_component|cntr_u5k:auto_generated|counter_reg_bit[3]                 ; |BCD_count|lpm_counter1:inst2|lpm_counter:LPM_COUNTER_component|cntr_u5k:auto_generated|counter_reg_bit[3]                 ; regout           ;
; |BCD_count|lpm_counter1:inst2|lpm_counter:LPM_COUNTER_component|cntr_u5k:auto_generated|counter_reg_bit[2]                 ; |BCD_count|lpm_counter1:inst2|lpm_counter:LPM_COUNTER_component|cntr_u5k:auto_generated|counter_reg_bit[2]                 ; regout           ;
; |BCD_count|lpm_counter1:inst2|lpm_counter:LPM_COUNTER_component|cntr_u5k:auto_generated|counter_reg_bit[1]                 ; |BCD_count|lpm_counter1:inst2|lpm_counter:LPM_COUNTER_component|cntr_u5k:auto_generated|counter_reg_bit[1]                 ; regout           ;
; |BCD_count|lpm_counter1:inst2|lpm_counter:LPM_COUNTER_component|cntr_u5k:auto_generated|counter_reg_bit[0]                 ; |BCD_count|lpm_counter1:inst2|lpm_counter:LPM_COUNTER_component|cntr_u5k:auto_generated|counter_reg_bit[0]                 ; regout           ;
; |BCD_count|lpm_counter1:inst2|lpm_counter:LPM_COUNTER_component|cntr_u5k:auto_generated|cmpr_hfc:cmpr1|aneb_result_wire[0] ; |BCD_count|lpm_counter1:inst2|lpm_counter:LPM_COUNTER_component|cntr_u5k:auto_generated|cmpr_hfc:cmpr1|aneb_result_wire[0] ; out0             ;
; |BCD_count|lpm_counter1:inst2|lpm_counter:LPM_COUNTER_component|cntr_u5k:auto_generated|cmpr_hfc:cmpr1|data_wire[1]        ; |BCD_count|lpm_counter1:inst2|lpm_counter:LPM_COUNTER_component|cntr_u5k:auto_generated|cmpr_hfc:cmpr1|data_wire[1]        ; out0             ;
; |BCD_count|lpm_counter1:inst2|lpm_counter:LPM_COUNTER_component|cntr_u5k:auto_generated|cmpr_hfc:cmpr1|data_wire[0]        ; |BCD_count|lpm_counter1:inst2|lpm_counter:LPM_COUNTER_component|cntr_u5k:auto_generated|cmpr_hfc:cmpr1|data_wire[0]        ; out0             ;
; |BCD_count|lpm_counter1:inst|lpm_counter:LPM_COUNTER_component|cntr_u5k:auto_generated|cout_actual                         ; |BCD_count|lpm_counter1:inst|lpm_counter:LPM_COUNTER_component|cntr_u5k:auto_generated|cout_actual                         ; out0             ;
; |BCD_count|lpm_counter1:inst|lpm_counter:LPM_COUNTER_component|cntr_u5k:auto_generated|counter_comb_bita0                  ; |BCD_count|lpm_counter1:inst|lpm_counter:LPM_COUNTER_component|cntr_u5k:auto_generated|counter_comb_bita0                  ; combout          ;
; |BCD_count|lpm_counter1:inst|lpm_counter:LPM_COUNTER_component|cntr_u5k:auto_generated|counter_comb_bita0                  ; |BCD_count|lpm_counter1:inst|lpm_counter:LPM_COUNTER_component|cntr_u5k:auto_generated|counter_comb_bita0~COUT             ; cout             ;
; |BCD_count|lpm_counter1:inst|lpm_counter:LPM_COUNTER_component|cntr_u5k:auto_generated|counter_comb_bita1                  ; |BCD_count|lpm_counter1:inst|lpm_counter:LPM_COUNTER_component|cntr_u5k:auto_generated|counter_comb_bita1                  ; combout          ;
; |BCD_count|lpm_counter1:inst|lpm_counter:LPM_COUNTER_component|cntr_u5k:auto_generated|counter_comb_bita1                  ; |BCD_count|lpm_counter1:inst|lpm_counter:LPM_COUNTER_component|cntr_u5k:auto_generated|counter_comb_bita1~COUT             ; cout             ;
; |BCD_count|lpm_counter1:inst|lpm_counter:LPM_COUNTER_component|cntr_u5k:auto_generated|counter_comb_bita2                  ; |BCD_count|lpm_counter1:inst|lpm_counter:LPM_COUNTER_component|cntr_u5k:auto_generated|counter_comb_bita2                  ; combout          ;
; |BCD_count|lpm_counter1:inst|lpm_counter:LPM_COUNTER_component|cntr_u5k:auto_generated|counter_comb_bita2                  ; |BCD_count|lpm_counter1:inst|lpm_counter:LPM_COUNTER_component|cntr_u5k:auto_generated|counter_comb_bita2~COUT             ; cout             ;
; |BCD_count|lpm_counter1:inst|lpm_counter:LPM_COUNTER_component|cntr_u5k:auto_generated|counter_comb_bita3                  ; |BCD_count|lpm_counter1:inst|lpm_counter:LPM_COUNTER_component|cntr_u5k:auto_generated|counter_comb_bita3                  ; combout          ;
; |BCD_count|lpm_counter1:inst|lpm_counter:LPM_COUNTER_component|cntr_u5k:auto_generated|counter_comb_bita3                  ; |BCD_count|lpm_counter1:inst|lpm_counter:LPM_COUNTER_component|cntr_u5k:auto_generated|counter_comb_bita3~COUT             ; cout             ;
; |BCD_count|lpm_counter1:inst|lpm_counter:LPM_COUNTER_component|cntr_u5k:auto_generated|counter_reg_bit[3]                  ; |BCD_count|lpm_counter1:inst|lpm_counter:LPM_COUNTER_component|cntr_u5k:auto_generated|counter_reg_bit[3]                  ; regout           ;
; |BCD_count|lpm_counter1:inst|lpm_counter:LPM_COUNTER_component|cntr_u5k:auto_generated|counter_reg_bit[2]                  ; |BCD_count|lpm_counter1:inst|lpm_counter:LPM_COUNTER_component|cntr_u5k:auto_generated|counter_reg_bit[2]                  ; regout           ;
; |BCD_count|lpm_counter1:inst|lpm_counter:LPM_COUNTER_component|cntr_u5k:auto_generated|counter_reg_bit[1]                  ; |BCD_count|lpm_counter1:inst|lpm_counter:LPM_COUNTER_component|cntr_u5k:auto_generated|counter_reg_bit[1]                  ; regout           ;
; |BCD_count|lpm_counter1:inst|lpm_counter:LPM_COUNTER_component|cntr_u5k:auto_generated|counter_reg_bit[0]                  ; |BCD_count|lpm_counter1:inst|lpm_counter:LPM_COUNTER_component|cntr_u5k:auto_generated|counter_reg_bit[0]                  ; regout           ;
; |BCD_count|lpm_counter1:inst|lpm_counter:LPM_COUNTER_component|cntr_u5k:auto_generated|cmpr_hfc:cmpr1|aneb_result_wire[0]  ; |BCD_count|lpm_counter1:inst|lpm_counter:LPM_COUNTER_component|cntr_u5k:auto_generated|cmpr_hfc:cmpr1|aneb_result_wire[0]  ; out0             ;
; |BCD_count|lpm_counter1:inst|lpm_counter:LPM_COUNTER_component|cntr_u5k:auto_generated|cmpr_hfc:cmpr1|data_wire[1]         ; |BCD_count|lpm_counter1:inst|lpm_counter:LPM_COUNTER_component|cntr_u5k:auto_generated|cmpr_hfc:cmpr1|data_wire[1]         ; out0             ;
; |BCD_count|lpm_counter1:inst|lpm_counter:LPM_COUNTER_component|cntr_u5k:auto_generated|cmpr_hfc:cmpr1|data_wire[0]         ; |BCD_count|lpm_counter1:inst|lpm_counter:LPM_COUNTER_component|cntr_u5k:auto_generated|cmpr_hfc:cmpr1|data_wire[0]         ; out0             ;
; |BCD_count|lpm_counter1:inst6|lpm_counter:LPM_COUNTER_component|cntr_u5k:auto_generated|counter_reg_bit[3]~7               ; |BCD_count|lpm_counter1:inst6|lpm_counter:LPM_COUNTER_component|cntr_u5k:auto_generated|counter_reg_bit[3]~7               ; out              ;
; |BCD_count|lpm_counter1:inst6|lpm_counter:LPM_COUNTER_component|cntr_u5k:auto_generated|counter_reg_bit[2]~8               ; |BCD_count|lpm_counter1:inst6|lpm_counter:LPM_COUNTER_component|cntr_u5k:auto_generated|counter_reg_bit[2]~8               ; out              ;
; |BCD_count|lpm_counter1:inst6|lpm_counter:LPM_COUNTER_component|cntr_u5k:auto_generated|counter_reg_bit[1]~9               ; |BCD_count|lpm_counter1:inst6|lpm_counter:LPM_COUNTER_component|cntr_u5k:auto_generated|counter_reg_bit[1]~9               ; out              ;
; |BCD_count|lpm_counter1:inst6|lpm_counter:LPM_COUNTER_component|cntr_u5k:auto_generated|counter_reg_bit[0]~10              ; |BCD_count|lpm_counter1:inst6|lpm_counter:LPM_COUNTER_component|cntr_u5k:auto_generated|counter_reg_bit[0]~10              ; out              ;
; |BCD_count|lpm_counter1:inst4|lpm_counter:LPM_COUNTER_component|cntr_u5k:auto_generated|counter_reg_bit[3]~7               ; |BCD_count|lpm_counter1:inst4|lpm_counter:LPM_COUNTER_component|cntr_u5k:auto_generated|counter_reg_bit[3]~7               ; out              ;
; |BCD_count|lpm_counter1:inst4|lpm_counter:LPM_COUNTER_component|cntr_u5k:auto_generated|counter_reg_bit[2]~8               ; |BCD_count|lpm_counter1:inst4|lpm_counter:LPM_COUNTER_component|cntr_u5k:auto_generated|counter_reg_bit[2]~8               ; out              ;
; |BCD_count|lpm_counter1:inst4|lpm_counter:LPM_COUNTER_component|cntr_u5k:auto_generated|counter_reg_bit[1]~9               ; |BCD_count|lpm_counter1:inst4|lpm_counter:LPM_COUNTER_component|cntr_u5k:auto_generated|counter_reg_bit[1]~9               ; out              ;
; |BCD_count|lpm_counter1:inst4|lpm_counter:LPM_COUNTER_component|cntr_u5k:auto_generated|counter_reg_bit[0]~10              ; |BCD_count|lpm_counter1:inst4|lpm_counter:LPM_COUNTER_component|cntr_u5k:auto_generated|counter_reg_bit[0]~10              ; out              ;
; |BCD_count|lpm_counter1:inst2|lpm_counter:LPM_COUNTER_component|cntr_u5k:auto_generated|counter_reg_bit[3]~7               ; |BCD_count|lpm_counter1:inst2|lpm_counter:LPM_COUNTER_component|cntr_u5k:auto_generated|counter_reg_bit[3]~7               ; out              ;
; |BCD_count|lpm_counter1:inst2|lpm_counter:LPM_COUNTER_component|cntr_u5k:auto_generated|counter_reg_bit[2]~8               ; |BCD_count|lpm_counter1:inst2|lpm_counter:LPM_COUNTER_component|cntr_u5k:auto_generated|counter_reg_bit[2]~8               ; out              ;
; |BCD_count|lpm_counter1:inst2|lpm_counter:LPM_COUNTER_component|cntr_u5k:auto_generated|counter_reg_bit[1]~9               ; |BCD_count|lpm_counter1:inst2|lpm_counter:LPM_COUNTER_component|cntr_u5k:auto_generated|counter_reg_bit[1]~9               ; out              ;
; |BCD_count|lpm_counter1:inst2|lpm_counter:LPM_COUNTER_component|cntr_u5k:auto_generated|counter_reg_bit[0]~10              ; |BCD_count|lpm_counter1:inst2|lpm_counter:LPM_COUNTER_component|cntr_u5k:auto_generated|counter_reg_bit[0]~10              ; out              ;
; |BCD_count|lpm_counter1:inst|lpm_counter:LPM_COUNTER_component|cntr_u5k:auto_generated|counter_reg_bit[3]~7                ; |BCD_count|lpm_counter1:inst|lpm_counter:LPM_COUNTER_component|cntr_u5k:auto_generated|counter_reg_bit[3]~7                ; out              ;
; |BCD_count|lpm_counter1:inst|lpm_counter:LPM_COUNTER_component|cntr_u5k:auto_generated|counter_reg_bit[2]~8                ; |BCD_count|lpm_counter1:inst|lpm_counter:LPM_COUNTER_component|cntr_u5k:auto_generated|counter_reg_bit[2]~8                ; out              ;
; |BCD_count|lpm_counter1:inst|lpm_counter:LPM_COUNTER_component|cntr_u5k:auto_generated|counter_reg_bit[1]~9                ; |BCD_count|lpm_counter1:inst|lpm_counter:LPM_COUNTER_component|cntr_u5k:auto_generated|counter_reg_bit[1]~9                ; out              ;
; |BCD_count|lpm_counter1:inst|lpm_counter:LPM_COUNTER_component|cntr_u5k:auto_generated|counter_reg_bit[0]~10               ; |BCD_count|lpm_counter1:inst|lpm_counter:LPM_COUNTER_component|cntr_u5k:auto_generated|counter_reg_bit[0]~10               ; out              ;
+----------------------------------------------------------------------------------------------------------------------------+----------------------------------------------------------------------------------------------------------------------------+------------------+


The following table displays output ports that do not toggle to 0 during simulation.
+----------------------------------------------------------------------------------------------------------------------------------------------------------------------------------------------------------------------------------------------------------------------------+
; Missing 0-Value Coverage                                                                                                                                                                                                                                                   ;
+----------------------------------------------------------------------------------------------------------------------------+----------------------------------------------------------------------------------------------------------------------------+------------------+
; Node Name                                                                                                                  ; Output Port Name                                                                                                           ; Output Port Type ;
+----------------------------------------------------------------------------------------------------------------------------+----------------------------------------------------------------------------------------------------------------------------+------------------+
; |BCD_count|digit0[3]                                                                                                       ; |BCD_count|digit0[3]                                                                                                       ; pin_out          ;
; |BCD_count|digit0[2]                                                                                                       ; |BCD_count|digit0[2]                                                                                                       ; pin_out          ;
; |BCD_count|digit0[1]                                                                                                       ; |BCD_count|digit0[1]                                                                                                       ; pin_out          ;
; |BCD_count|digit0[0]                                                                                                       ; |BCD_count|digit0[0]                                                                                                       ; pin_out          ;
; |BCD_count|enable                                                                                                          ; |BCD_count|enable                                                                                                          ; out              ;
; |BCD_count|reset                                                                                                           ; |BCD_count|reset                                                                                                           ; out              ;
; |BCD_count|digit1[3]                                                                                                       ; |BCD_count|digit1[3]                                                                                                       ; pin_out          ;
; |BCD_count|digit1[2]                                                                                                       ; |BCD_count|digit1[2]                                                                                                       ; pin_out          ;
; |BCD_count|digit1[1]                                                                                                       ; |BCD_count|digit1[1]                                                                                                       ; pin_out          ;
; |BCD_count|digit1[0]                                                                                                       ; |BCD_count|digit1[0]                                                                                                       ; pin_out          ;
; |BCD_count|digit2[3]                                                                                                       ; |BCD_count|digit2[3]                                                                                                       ; pin_out          ;
; |BCD_count|digit2[2]                                                                                                       ; |BCD_count|digit2[2]                                                                                                       ; pin_out          ;
; |BCD_count|digit2[1]                                                                                                       ; |BCD_count|digit2[1]                                                                                                       ; pin_out          ;
; |BCD_count|digit2[0]                                                                                                       ; |BCD_count|digit2[0]                                                                                                       ; pin_out          ;
; |BCD_count|digit3[3]                                                                                                       ; |BCD_count|digit3[3]                                                                                                       ; pin_out          ;
; |BCD_count|digit3[2]                                                                                                       ; |BCD_count|digit3[2]                                                                                                       ; pin_out          ;
; |BCD_count|digit3[1]                                                                                                       ; |BCD_count|digit3[1]                                                                                                       ; pin_out          ;
; |BCD_count|digit3[0]                                                                                                       ; |BCD_count|digit3[0]                                                                                                       ; pin_out          ;
; |BCD_count|lpm_compare1:inst5|lpm_compare:LPM_COMPARE_component|cmpr_lnk:auto_generated|aeb_output_dffe_d_wire0w[0]        ; |BCD_count|lpm_compare1:inst5|lpm_compare:LPM_COMPARE_component|cmpr_lnk:auto_generated|aeb_output_dffe_d_wire0w[0]        ; out0             ;
; |BCD_count|lpm_compare1:inst5|lpm_compare:LPM_COMPARE_component|cmpr_lnk:auto_generated|data_wire[1]                       ; |BCD_count|lpm_compare1:inst5|lpm_compare:LPM_COMPARE_component|cmpr_lnk:auto_generated|data_wire[1]                       ; out0             ;
; |BCD_count|lpm_compare1:inst5|lpm_compare:LPM_COMPARE_component|cmpr_lnk:auto_generated|data_wire[0]                       ; |BCD_count|lpm_compare1:inst5|lpm_compare:LPM_COMPARE_component|cmpr_lnk:auto_generated|data_wire[0]                       ; out0             ;
; |BCD_count|lpm_compare1:inst5|lpm_compare:LPM_COMPARE_component|cmpr_lnk:auto_generated|aeb_output_dffe0a[0]               ; |BCD_count|lpm_compare1:inst5|lpm_compare:LPM_COMPARE_component|cmpr_lnk:auto_generated|aeb_output_dffe0a[0]               ; regout           ;
; |BCD_count|lpm_counter1:inst6|lpm_counter:LPM_COUNTER_component|cntr_u5k:auto_generated|cout_actual                        ; |BCD_count|lpm_counter1:inst6|lpm_counter:LPM_COUNTER_component|cntr_u5k:auto_generated|cout_actual                        ; out0             ;
; |BCD_count|lpm_counter1:inst6|lpm_counter:LPM_COUNTER_component|cntr_u5k:auto_generated|counter_comb_bita0                 ; |BCD_count|lpm_counter1:inst6|lpm_counter:LPM_COUNTER_component|cntr_u5k:auto_generated|counter_comb_bita0                 ; combout          ;
; |BCD_count|lpm_counter1:inst6|lpm_counter:LPM_COUNTER_component|cntr_u5k:auto_generated|counter_comb_bita0                 ; |BCD_count|lpm_counter1:inst6|lpm_counter:LPM_COUNTER_component|cntr_u5k:auto_generated|counter_comb_bita0~COUT            ; cout             ;
; |BCD_count|lpm_counter1:inst6|lpm_counter:LPM_COUNTER_component|cntr_u5k:auto_generated|counter_comb_bita1                 ; |BCD_count|lpm_counter1:inst6|lpm_counter:LPM_COUNTER_component|cntr_u5k:auto_generated|counter_comb_bita1                 ; combout          ;
; |BCD_count|lpm_counter1:inst6|lpm_counter:LPM_COUNTER_component|cntr_u5k:auto_generated|counter_comb_bita1                 ; |BCD_count|lpm_counter1:inst6|lpm_counter:LPM_COUNTER_component|cntr_u5k:auto_generated|counter_comb_bita1~COUT            ; cout             ;
; |BCD_count|lpm_counter1:inst6|lpm_counter:LPM_COUNTER_component|cntr_u5k:auto_generated|counter_comb_bita2                 ; |BCD_count|lpm_counter1:inst6|lpm_counter:LPM_COUNTER_component|cntr_u5k:auto_generated|counter_comb_bita2                 ; combout          ;
; |BCD_count|lpm_counter1:inst6|lpm_counter:LPM_COUNTER_component|cntr_u5k:auto_generated|counter_comb_bita2                 ; |BCD_count|lpm_counter1:inst6|lpm_counter:LPM_COUNTER_component|cntr_u5k:auto_generated|counter_comb_bita2~COUT            ; cout             ;
; |BCD_count|lpm_counter1:inst6|lpm_counter:LPM_COUNTER_component|cntr_u5k:auto_generated|counter_comb_bita3                 ; |BCD_count|lpm_counter1:inst6|lpm_counter:LPM_COUNTER_component|cntr_u5k:auto_generated|counter_comb_bita3                 ; combout          ;
; |BCD_count|lpm_counter1:inst6|lpm_counter:LPM_COUNTER_component|cntr_u5k:auto_generated|counter_comb_bita3                 ; |BCD_count|lpm_counter1:inst6|lpm_counter:LPM_COUNTER_component|cntr_u5k:auto_generated|counter_comb_bita3~COUT            ; cout             ;
; |BCD_count|lpm_counter1:inst6|lpm_counter:LPM_COUNTER_component|cntr_u5k:auto_generated|counter_reg_bit[3]                 ; |BCD_count|lpm_counter1:inst6|lpm_counter:LPM_COUNTER_component|cntr_u5k:auto_generated|counter_reg_bit[3]                 ; regout           ;
; |BCD_count|lpm_counter1:inst6|lpm_counter:LPM_COUNTER_component|cntr_u5k:auto_generated|counter_reg_bit[2]                 ; |BCD_count|lpm_counter1:inst6|lpm_counter:LPM_COUNTER_component|cntr_u5k:auto_generated|counter_reg_bit[2]                 ; regout           ;
; |BCD_count|lpm_counter1:inst6|lpm_counter:LPM_COUNTER_component|cntr_u5k:auto_generated|counter_reg_bit[1]                 ; |BCD_count|lpm_counter1:inst6|lpm_counter:LPM_COUNTER_component|cntr_u5k:auto_generated|counter_reg_bit[1]                 ; regout           ;
; |BCD_count|lpm_counter1:inst6|lpm_counter:LPM_COUNTER_component|cntr_u5k:auto_generated|counter_reg_bit[0]                 ; |BCD_count|lpm_counter1:inst6|lpm_counter:LPM_COUNTER_component|cntr_u5k:auto_generated|counter_reg_bit[0]                 ; regout           ;
; |BCD_count|lpm_counter1:inst6|lpm_counter:LPM_COUNTER_component|cntr_u5k:auto_generated|cmpr_hfc:cmpr1|aneb_result_wire[0] ; |BCD_count|lpm_counter1:inst6|lpm_counter:LPM_COUNTER_component|cntr_u5k:auto_generated|cmpr_hfc:cmpr1|aneb_result_wire[0] ; out0             ;
; |BCD_count|lpm_counter1:inst6|lpm_counter:LPM_COUNTER_component|cntr_u5k:auto_generated|cmpr_hfc:cmpr1|data_wire[1]        ; |BCD_count|lpm_counter1:inst6|lpm_counter:LPM_COUNTER_component|cntr_u5k:auto_generated|cmpr_hfc:cmpr1|data_wire[1]        ; out0             ;
; |BCD_count|lpm_counter1:inst6|lpm_counter:LPM_COUNTER_component|cntr_u5k:auto_generated|cmpr_hfc:cmpr1|data_wire[0]        ; |BCD_count|lpm_counter1:inst6|lpm_counter:LPM_COUNTER_component|cntr_u5k:auto_generated|cmpr_hfc:cmpr1|data_wire[0]        ; out0             ;
; |BCD_count|lpm_compare1:inst3|lpm_compare:LPM_COMPARE_component|cmpr_lnk:auto_generated|aeb_output_dffe_d_wire0w[0]        ; |BCD_count|lpm_compare1:inst3|lpm_compare:LPM_COMPARE_component|cmpr_lnk:auto_generated|aeb_output_dffe_d_wire0w[0]        ; out0             ;
; |BCD_count|lpm_compare1:inst3|lpm_compare:LPM_COMPARE_component|cmpr_lnk:auto_generated|data_wire[1]                       ; |BCD_count|lpm_compare1:inst3|lpm_compare:LPM_COMPARE_component|cmpr_lnk:auto_generated|data_wire[1]                       ; out0             ;
; |BCD_count|lpm_compare1:inst3|lpm_compare:LPM_COMPARE_component|cmpr_lnk:auto_generated|data_wire[0]                       ; |BCD_count|lpm_compare1:inst3|lpm_compare:LPM_COMPARE_component|cmpr_lnk:auto_generated|data_wire[0]                       ; out0             ;
; |BCD_count|lpm_compare1:inst3|lpm_compare:LPM_COMPARE_component|cmpr_lnk:auto_generated|aeb_output_dffe0a[0]               ; |BCD_count|lpm_compare1:inst3|lpm_compare:LPM_COMPARE_component|cmpr_lnk:auto_generated|aeb_output_dffe0a[0]               ; regout           ;
; |BCD_count|lpm_counter1:inst4|lpm_counter:LPM_COUNTER_component|cntr_u5k:auto_generated|cout_actual                        ; |BCD_count|lpm_counter1:inst4|lpm_counter:LPM_COUNTER_component|cntr_u5k:auto_generated|cout_actual                        ; out0             ;
; |BCD_count|lpm_counter1:inst4|lpm_counter:LPM_COUNTER_component|cntr_u5k:auto_generated|counter_comb_bita0                 ; |BCD_count|lpm_counter1:inst4|lpm_counter:LPM_COUNTER_component|cntr_u5k:auto_generated|counter_comb_bita0                 ; combout          ;
; |BCD_count|lpm_counter1:inst4|lpm_counter:LPM_COUNTER_component|cntr_u5k:auto_generated|counter_comb_bita0                 ; |BCD_count|lpm_counter1:inst4|lpm_counter:LPM_COUNTER_component|cntr_u5k:auto_generated|counter_comb_bita0~COUT            ; cout             ;
; |BCD_count|lpm_counter1:inst4|lpm_counter:LPM_COUNTER_component|cntr_u5k:auto_generated|counter_comb_bita1                 ; |BCD_count|lpm_counter1:inst4|lpm_counter:LPM_COUNTER_component|cntr_u5k:auto_generated|counter_comb_bita1                 ; combout          ;
; |BCD_count|lpm_counter1:inst4|lpm_counter:LPM_COUNTER_component|cntr_u5k:auto_generated|counter_comb_bita1                 ; |BCD_count|lpm_counter1:inst4|lpm_counter:LPM_COUNTER_component|cntr_u5k:auto_generated|counter_comb_bita1~COUT            ; cout             ;
; |BCD_count|lpm_counter1:inst4|lpm_counter:LPM_COUNTER_component|cntr_u5k:auto_generated|counter_comb_bita2                 ; |BCD_count|lpm_counter1:inst4|lpm_counter:LPM_COUNTER_component|cntr_u5k:auto_generated|counter_comb_bita2                 ; combout          ;
; |BCD_count|lpm_counter1:inst4|lpm_counter:LPM_COUNTER_component|cntr_u5k:auto_generated|counter_comb_bita2                 ; |BCD_count|lpm_counter1:inst4|lpm_counter:LPM_COUNTER_component|cntr_u5k:auto_generated|counter_comb_bita2~COUT            ; cout             ;
; |BCD_count|lpm_counter1:inst4|lpm_counter:LPM_COUNTER_component|cntr_u5k:auto_generated|counter_comb_bita3                 ; |BCD_count|lpm_counter1:inst4|lpm_counter:LPM_COUNTER_component|cntr_u5k:auto_generated|counter_comb_bita3                 ; combout          ;
; |BCD_count|lpm_counter1:inst4|lpm_counter:LPM_COUNTER_component|cntr_u5k:auto_generated|counter_comb_bita3                 ; |BCD_count|lpm_counter1:inst4|lpm_counter:LPM_COUNTER_component|cntr_u5k:auto_generated|counter_comb_bita3~COUT            ; cout             ;
; |BCD_count|lpm_counter1:inst4|lpm_counter:LPM_COUNTER_component|cntr_u5k:auto_generated|counter_reg_bit[3]                 ; |BCD_count|lpm_counter1:inst4|lpm_counter:LPM_COUNTER_component|cntr_u5k:auto_generated|counter_reg_bit[3]                 ; regout           ;
; |BCD_count|lpm_counter1:inst4|lpm_counter:LPM_COUNTER_component|cntr_u5k:auto_generated|counter_reg_bit[2]                 ; |BCD_count|lpm_counter1:inst4|lpm_counter:LPM_COUNTER_component|cntr_u5k:auto_generated|counter_reg_bit[2]                 ; regout           ;
; |BCD_count|lpm_counter1:inst4|lpm_counter:LPM_COUNTER_component|cntr_u5k:auto_generated|counter_reg_bit[1]                 ; |BCD_count|lpm_counter1:inst4|lpm_counter:LPM_COUNTER_component|cntr_u5k:auto_generated|counter_reg_bit[1]                 ; regout           ;
; |BCD_count|lpm_counter1:inst4|lpm_counter:LPM_COUNTER_component|cntr_u5k:auto_generated|counter_reg_bit[0]                 ; |BCD_count|lpm_counter1:inst4|lpm_counter:LPM_COUNTER_component|cntr_u5k:auto_generated|counter_reg_bit[0]                 ; regout           ;
; |BCD_count|lpm_counter1:inst4|lpm_counter:LPM_COUNTER_component|cntr_u5k:auto_generated|cmpr_hfc:cmpr1|aneb_result_wire[0] ; |BCD_count|lpm_counter1:inst4|lpm_counter:LPM_COUNTER_component|cntr_u5k:auto_generated|cmpr_hfc:cmpr1|aneb_result_wire[0] ; out0             ;
; |BCD_count|lpm_counter1:inst4|lpm_counter:LPM_COUNTER_component|cntr_u5k:auto_generated|cmpr_hfc:cmpr1|data_wire[1]        ; |BCD_count|lpm_counter1:inst4|lpm_counter:LPM_COUNTER_component|cntr_u5k:auto_generated|cmpr_hfc:cmpr1|data_wire[1]        ; out0             ;
; |BCD_count|lpm_counter1:inst4|lpm_counter:LPM_COUNTER_component|cntr_u5k:auto_generated|cmpr_hfc:cmpr1|data_wire[0]        ; |BCD_count|lpm_counter1:inst4|lpm_counter:LPM_COUNTER_component|cntr_u5k:auto_generated|cmpr_hfc:cmpr1|data_wire[0]        ; out0             ;
; |BCD_count|lpm_compare1:inst1|lpm_compare:LPM_COMPARE_component|cmpr_lnk:auto_generated|aeb_output_dffe_d_wire0w[0]        ; |BCD_count|lpm_compare1:inst1|lpm_compare:LPM_COMPARE_component|cmpr_lnk:auto_generated|aeb_output_dffe_d_wire0w[0]        ; out0             ;
; |BCD_count|lpm_compare1:inst1|lpm_compare:LPM_COMPARE_component|cmpr_lnk:auto_generated|data_wire[1]                       ; |BCD_count|lpm_compare1:inst1|lpm_compare:LPM_COMPARE_component|cmpr_lnk:auto_generated|data_wire[1]                       ; out0             ;
; |BCD_count|lpm_compare1:inst1|lpm_compare:LPM_COMPARE_component|cmpr_lnk:auto_generated|data_wire[0]                       ; |BCD_count|lpm_compare1:inst1|lpm_compare:LPM_COMPARE_component|cmpr_lnk:auto_generated|data_wire[0]                       ; out0             ;
; |BCD_count|lpm_compare1:inst1|lpm_compare:LPM_COMPARE_component|cmpr_lnk:auto_generated|aeb_output_dffe0a[0]               ; |BCD_count|lpm_compare1:inst1|lpm_compare:LPM_COMPARE_component|cmpr_lnk:auto_generated|aeb_output_dffe0a[0]               ; regout           ;
; |BCD_count|lpm_counter1:inst2|lpm_counter:LPM_COUNTER_component|cntr_u5k:auto_generated|cout_actual                        ; |BCD_count|lpm_counter1:inst2|lpm_counter:LPM_COUNTER_component|cntr_u5k:auto_generated|cout_actual                        ; out0             ;
; |BCD_count|lpm_counter1:inst2|lpm_counter:LPM_COUNTER_component|cntr_u5k:auto_generated|counter_comb_bita0                 ; |BCD_count|lpm_counter1:inst2|lpm_counter:LPM_COUNTER_component|cntr_u5k:auto_generated|counter_comb_bita0                 ; combout          ;
; |BCD_count|lpm_counter1:inst2|lpm_counter:LPM_COUNTER_component|cntr_u5k:auto_generated|counter_comb_bita0                 ; |BCD_count|lpm_counter1:inst2|lpm_counter:LPM_COUNTER_component|cntr_u5k:auto_generated|counter_comb_bita0~COUT            ; cout             ;
; |BCD_count|lpm_counter1:inst2|lpm_counter:LPM_COUNTER_component|cntr_u5k:auto_generated|counter_comb_bita1                 ; |BCD_count|lpm_counter1:inst2|lpm_counter:LPM_COUNTER_component|cntr_u5k:auto_generated|counter_comb_bita1                 ; combout          ;
; |BCD_count|lpm_counter1:inst2|lpm_counter:LPM_COUNTER_component|cntr_u5k:auto_generated|counter_comb_bita1                 ; |BCD_count|lpm_counter1:inst2|lpm_counter:LPM_COUNTER_component|cntr_u5k:auto_generated|counter_comb_bita1~COUT            ; cout             ;
; |BCD_count|lpm_counter1:inst2|lpm_counter:LPM_COUNTER_component|cntr_u5k:auto_generated|counter_comb_bita2                 ; |BCD_count|lpm_counter1:inst2|lpm_counter:LPM_COUNTER_component|cntr_u5k:auto_generated|counter_comb_bita2                 ; combout          ;
; |BCD_count|lpm_counter1:inst2|lpm_counter:LPM_COUNTER_component|cntr_u5k:auto_generated|counter_comb_bita2                 ; |BCD_count|lpm_counter1:inst2|lpm_counter:LPM_COUNTER_component|cntr_u5k:auto_generated|counter_comb_bita2~COUT            ; cout             ;
; |BCD_count|lpm_counter1:inst2|lpm_counter:LPM_COUNTER_component|cntr_u5k:auto_generated|counter_comb_bita3                 ; |BCD_count|lpm_counter1:inst2|lpm_counter:LPM_COUNTER_component|cntr_u5k:auto_generated|counter_comb_bita3                 ; combout          ;
; |BCD_count|lpm_counter1:inst2|lpm_counter:LPM_COUNTER_component|cntr_u5k:auto_generated|counter_comb_bita3                 ; |BCD_count|lpm_counter1:inst2|lpm_counter:LPM_COUNTER_component|cntr_u5k:auto_generated|counter_comb_bita3~COUT            ; cout             ;
; |BCD_count|lpm_counter1:inst2|lpm_counter:LPM_COUNTER_component|cntr_u5k:auto_generated|counter_reg_bit[3]                 ; |BCD_count|lpm_counter1:inst2|lpm_counter:LPM_COUNTER_component|cntr_u5k:auto_generated|counter_reg_bit[3]                 ; regout           ;
; |BCD_count|lpm_counter1:inst2|lpm_counter:LPM_COUNTER_component|cntr_u5k:auto_generated|counter_reg_bit[2]                 ; |BCD_count|lpm_counter1:inst2|lpm_counter:LPM_COUNTER_component|cntr_u5k:auto_generated|counter_reg_bit[2]                 ; regout           ;
; |BCD_count|lpm_counter1:inst2|lpm_counter:LPM_COUNTER_component|cntr_u5k:auto_generated|counter_reg_bit[1]                 ; |BCD_count|lpm_counter1:inst2|lpm_counter:LPM_COUNTER_component|cntr_u5k:auto_generated|counter_reg_bit[1]                 ; regout           ;
; |BCD_count|lpm_counter1:inst2|lpm_counter:LPM_COUNTER_component|cntr_u5k:auto_generated|counter_reg_bit[0]                 ; |BCD_count|lpm_counter1:inst2|lpm_counter:LPM_COUNTER_component|cntr_u5k:auto_generated|counter_reg_bit[0]                 ; regout           ;
; |BCD_count|lpm_counter1:inst2|lpm_counter:LPM_COUNTER_component|cntr_u5k:auto_generated|cmpr_hfc:cmpr1|aneb_result_wire[0] ; |BCD_count|lpm_counter1:inst2|lpm_counter:LPM_COUNTER_component|cntr_u5k:auto_generated|cmpr_hfc:cmpr1|aneb_result_wire[0] ; out0             ;
; |BCD_count|lpm_counter1:inst2|lpm_counter:LPM_COUNTER_component|cntr_u5k:auto_generated|cmpr_hfc:cmpr1|data_wire[1]        ; |BCD_count|lpm_counter1:inst2|lpm_counter:LPM_COUNTER_component|cntr_u5k:auto_generated|cmpr_hfc:cmpr1|data_wire[1]        ; out0             ;
; |BCD_count|lpm_counter1:inst2|lpm_counter:LPM_COUNTER_component|cntr_u5k:auto_generated|cmpr_hfc:cmpr1|data_wire[0]        ; |BCD_count|lpm_counter1:inst2|lpm_counter:LPM_COUNTER_component|cntr_u5k:auto_generated|cmpr_hfc:cmpr1|data_wire[0]        ; out0             ;
; |BCD_count|lpm_counter1:inst|lpm_counter:LPM_COUNTER_component|cntr_u5k:auto_generated|cout_actual                         ; |BCD_count|lpm_counter1:inst|lpm_counter:LPM_COUNTER_component|cntr_u5k:auto_generated|cout_actual                         ; out0             ;
; |BCD_count|lpm_counter1:inst|lpm_counter:LPM_COUNTER_component|cntr_u5k:auto_generated|counter_comb_bita0                  ; |BCD_count|lpm_counter1:inst|lpm_counter:LPM_COUNTER_component|cntr_u5k:auto_generated|counter_comb_bita0                  ; combout          ;
; |BCD_count|lpm_counter1:inst|lpm_counter:LPM_COUNTER_component|cntr_u5k:auto_generated|counter_comb_bita0                  ; |BCD_count|lpm_counter1:inst|lpm_counter:LPM_COUNTER_component|cntr_u5k:auto_generated|counter_comb_bita0~COUT             ; cout             ;
; |BCD_count|lpm_counter1:inst|lpm_counter:LPM_COUNTER_component|cntr_u5k:auto_generated|counter_comb_bita1                  ; |BCD_count|lpm_counter1:inst|lpm_counter:LPM_COUNTER_component|cntr_u5k:auto_generated|counter_comb_bita1                  ; combout          ;
; |BCD_count|lpm_counter1:inst|lpm_counter:LPM_COUNTER_component|cntr_u5k:auto_generated|counter_comb_bita1                  ; |BCD_count|lpm_counter1:inst|lpm_counter:LPM_COUNTER_component|cntr_u5k:auto_generated|counter_comb_bita1~COUT             ; cout             ;
; |BCD_count|lpm_counter1:inst|lpm_counter:LPM_COUNTER_component|cntr_u5k:auto_generated|counter_comb_bita2                  ; |BCD_count|lpm_counter1:inst|lpm_counter:LPM_COUNTER_component|cntr_u5k:auto_generated|counter_comb_bita2                  ; combout          ;
; |BCD_count|lpm_counter1:inst|lpm_counter:LPM_COUNTER_component|cntr_u5k:auto_generated|counter_comb_bita2                  ; |BCD_count|lpm_counter1:inst|lpm_counter:LPM_COUNTER_component|cntr_u5k:auto_generated|counter_comb_bita2~COUT             ; cout             ;
; |BCD_count|lpm_counter1:inst|lpm_counter:LPM_COUNTER_component|cntr_u5k:auto_generated|counter_comb_bita3                  ; |BCD_count|lpm_counter1:inst|lpm_counter:LPM_COUNTER_component|cntr_u5k:auto_generated|counter_comb_bita3                  ; combout          ;
; |BCD_count|lpm_counter1:inst|lpm_counter:LPM_COUNTER_component|cntr_u5k:auto_generated|counter_comb_bita3                  ; |BCD_count|lpm_counter1:inst|lpm_counter:LPM_COUNTER_component|cntr_u5k:auto_generated|counter_comb_bita3~COUT             ; cout             ;
; |BCD_count|lpm_counter1:inst|lpm_counter:LPM_COUNTER_component|cntr_u5k:auto_generated|counter_reg_bit[3]                  ; |BCD_count|lpm_counter1:inst|lpm_counter:LPM_COUNTER_component|cntr_u5k:auto_generated|counter_reg_bit[3]                  ; regout           ;
; |BCD_count|lpm_counter1:inst|lpm_counter:LPM_COUNTER_component|cntr_u5k:auto_generated|counter_reg_bit[2]                  ; |BCD_count|lpm_counter1:inst|lpm_counter:LPM_COUNTER_component|cntr_u5k:auto_generated|counter_reg_bit[2]                  ; regout           ;
; |BCD_count|lpm_counter1:inst|lpm_counter:LPM_COUNTER_component|cntr_u5k:auto_generated|counter_reg_bit[1]                  ; |BCD_count|lpm_counter1:inst|lpm_counter:LPM_COUNTER_component|cntr_u5k:auto_generated|counter_reg_bit[1]                  ; regout           ;
; |BCD_count|lpm_counter1:inst|lpm_counter:LPM_COUNTER_component|cntr_u5k:auto_generated|counter_reg_bit[0]                  ; |BCD_count|lpm_counter1:inst|lpm_counter:LPM_COUNTER_component|cntr_u5k:auto_generated|counter_reg_bit[0]                  ; regout           ;
; |BCD_count|lpm_counter1:inst|lpm_counter:LPM_COUNTER_component|cntr_u5k:auto_generated|cmpr_hfc:cmpr1|aneb_result_wire[0]  ; |BCD_count|lpm_counter1:inst|lpm_counter:LPM_COUNTER_component|cntr_u5k:auto_generated|cmpr_hfc:cmpr1|aneb_result_wire[0]  ; out0             ;
; |BCD_count|lpm_counter1:inst|lpm_counter:LPM_COUNTER_component|cntr_u5k:auto_generated|cmpr_hfc:cmpr1|data_wire[1]         ; |BCD_count|lpm_counter1:inst|lpm_counter:LPM_COUNTER_component|cntr_u5k:auto_generated|cmpr_hfc:cmpr1|data_wire[1]         ; out0             ;
; |BCD_count|lpm_counter1:inst|lpm_counter:LPM_COUNTER_component|cntr_u5k:auto_generated|cmpr_hfc:cmpr1|data_wire[0]         ; |BCD_count|lpm_counter1:inst|lpm_counter:LPM_COUNTER_component|cntr_u5k:auto_generated|cmpr_hfc:cmpr1|data_wire[0]         ; out0             ;
; |BCD_count|lpm_counter1:inst6|lpm_counter:LPM_COUNTER_component|cntr_u5k:auto_generated|counter_reg_bit[3]~7               ; |BCD_count|lpm_counter1:inst6|lpm_counter:LPM_COUNTER_component|cntr_u5k:auto_generated|counter_reg_bit[3]~7               ; out              ;
; |BCD_count|lpm_counter1:inst6|lpm_counter:LPM_COUNTER_component|cntr_u5k:auto_generated|counter_reg_bit[2]~8               ; |BCD_count|lpm_counter1:inst6|lpm_counter:LPM_COUNTER_component|cntr_u5k:auto_generated|counter_reg_bit[2]~8               ; out              ;
; |BCD_count|lpm_counter1:inst6|lpm_counter:LPM_COUNTER_component|cntr_u5k:auto_generated|counter_reg_bit[1]~9               ; |BCD_count|lpm_counter1:inst6|lpm_counter:LPM_COUNTER_component|cntr_u5k:auto_generated|counter_reg_bit[1]~9               ; out              ;
; |BCD_count|lpm_counter1:inst6|lpm_counter:LPM_COUNTER_component|cntr_u5k:auto_generated|counter_reg_bit[0]~10              ; |BCD_count|lpm_counter1:inst6|lpm_counter:LPM_COUNTER_component|cntr_u5k:auto_generated|counter_reg_bit[0]~10              ; out              ;
; |BCD_count|lpm_counter1:inst4|lpm_counter:LPM_COUNTER_component|cntr_u5k:auto_generated|counter_reg_bit[3]~7               ; |BCD_count|lpm_counter1:inst4|lpm_counter:LPM_COUNTER_component|cntr_u5k:auto_generated|counter_reg_bit[3]~7               ; out              ;
; |BCD_count|lpm_counter1:inst4|lpm_counter:LPM_COUNTER_component|cntr_u5k:auto_generated|counter_reg_bit[2]~8               ; |BCD_count|lpm_counter1:inst4|lpm_counter:LPM_COUNTER_component|cntr_u5k:auto_generated|counter_reg_bit[2]~8               ; out              ;
; |BCD_count|lpm_counter1:inst4|lpm_counter:LPM_COUNTER_component|cntr_u5k:auto_generated|counter_reg_bit[1]~9               ; |BCD_count|lpm_counter1:inst4|lpm_counter:LPM_COUNTER_component|cntr_u5k:auto_generated|counter_reg_bit[1]~9               ; out              ;
; |BCD_count|lpm_counter1:inst4|lpm_counter:LPM_COUNTER_component|cntr_u5k:auto_generated|counter_reg_bit[0]~10              ; |BCD_count|lpm_counter1:inst4|lpm_counter:LPM_COUNTER_component|cntr_u5k:auto_generated|counter_reg_bit[0]~10              ; out              ;
; |BCD_count|lpm_counter1:inst2|lpm_counter:LPM_COUNTER_component|cntr_u5k:auto_generated|counter_reg_bit[3]~7               ; |BCD_count|lpm_counter1:inst2|lpm_counter:LPM_COUNTER_component|cntr_u5k:auto_generated|counter_reg_bit[3]~7               ; out              ;
; |BCD_count|lpm_counter1:inst2|lpm_counter:LPM_COUNTER_component|cntr_u5k:auto_generated|counter_reg_bit[2]~8               ; |BCD_count|lpm_counter1:inst2|lpm_counter:LPM_COUNTER_component|cntr_u5k:auto_generated|counter_reg_bit[2]~8               ; out              ;
; |BCD_count|lpm_counter1:inst2|lpm_counter:LPM_COUNTER_component|cntr_u5k:auto_generated|counter_reg_bit[1]~9               ; |BCD_count|lpm_counter1:inst2|lpm_counter:LPM_COUNTER_component|cntr_u5k:auto_generated|counter_reg_bit[1]~9               ; out              ;
; |BCD_count|lpm_counter1:inst2|lpm_counter:LPM_COUNTER_component|cntr_u5k:auto_generated|counter_reg_bit[0]~10              ; |BCD_count|lpm_counter1:inst2|lpm_counter:LPM_COUNTER_component|cntr_u5k:auto_generated|counter_reg_bit[0]~10              ; out              ;
; |BCD_count|lpm_counter1:inst|lpm_counter:LPM_COUNTER_component|cntr_u5k:auto_generated|counter_reg_bit[3]~7                ; |BCD_count|lpm_counter1:inst|lpm_counter:LPM_COUNTER_component|cntr_u5k:auto_generated|counter_reg_bit[3]~7                ; out              ;
; |BCD_count|lpm_counter1:inst|lpm_counter:LPM_COUNTER_component|cntr_u5k:auto_generated|counter_reg_bit[2]~8                ; |BCD_count|lpm_counter1:inst|lpm_counter:LPM_COUNTER_component|cntr_u5k:auto_generated|counter_reg_bit[2]~8                ; out              ;
; |BCD_count|lpm_counter1:inst|lpm_counter:LPM_COUNTER_component|cntr_u5k:auto_generated|counter_reg_bit[1]~9                ; |BCD_count|lpm_counter1:inst|lpm_counter:LPM_COUNTER_component|cntr_u5k:auto_generated|counter_reg_bit[1]~9                ; out              ;
; |BCD_count|lpm_counter1:inst|lpm_counter:LPM_COUNTER_component|cntr_u5k:auto_generated|counter_reg_bit[0]~10               ; |BCD_count|lpm_counter1:inst|lpm_counter:LPM_COUNTER_component|cntr_u5k:auto_generated|counter_reg_bit[0]~10               ; out              ;
+----------------------------------------------------------------------------------------------------------------------------+----------------------------------------------------------------------------------------------------------------------------+------------------+


+---------------------+
; Simulator INI Usage ;
+--------+------------+
; Option ; Usage      ;
+--------+------------+


+--------------------+
; Simulator Messages ;
+--------------------+
Info: *******************************************************************
Info: Running Quartus II 64-Bit Simulator
    Info: Version 13.0.1 Build 232 06/12/2013 Service Pack 1 SJ Full Version
    Info: Processing started: Wed Mar 25 18:05:27 2015
Info: Command: quartus_sim --simulation_results_format=VWF stopwatch -c stopwatch
Info (324025): Using vector source file "H:/FPGA/eie1_fpga_lab/projects/stopwatch/Waveform2.vwf"
Info (310003): Option to preserve fewer signal transitions to reduce memory requirements is enabled
    Info (310004): Simulation has been partitioned into sub-simulations according to the maximum transition count determined by the engine. Transitions from memory will be flushed out to disk at the end of each sub-simulation to reduce memory requirements.
Info (310002): Simulation partitioned into 1 sub-simulations
Info (328053): Simulation coverage is       2.65 %
Info (328052): Number of transitions in simulation is 220
Info (324045): Vector file stopwatch.sim.vwf is saved in VWF text format. You can compress it into CVWF format in order to reduce file size. For more details please refer to the Quartus II Help.
Info: Quartus II 64-Bit Simulator was successful. 0 errors, 0 warnings
    Info: Peak virtual memory: 324 megabytes
    Info: Processing ended: Wed Mar 25 18:05:30 2015
    Info: Elapsed time: 00:00:03
    Info: Total CPU time (on all processors): 00:00:01


