Flow report for stopwatch
Fri Mar 27 11:52:17 2015
Quartus II 64-Bit Version 13.0.1 Build 232 06/12/2013 Service Pack 1 SJ Full Version


---------------------
; Table of Contents ;
---------------------
  1. Legal Notice
  2. Flow Summary
  3. Flow Settings
  4. Flow Non-Default Global Settings
  5. Flow Elapsed Time
  6. Flow OS Summary
  7. Flow Log
  8. Flow Messages
  9. Flow Suppressed Messages



----------------
; Legal Notice ;
----------------
Copyright (C) 1991-2013 Altera Corporation
Your use of Altera Corporation's design tools, logic functions 
and other software and tools, and its AMPP partner logic 
functions, and any output files from any of the foregoing 
(including device programming or simulation files), and any 
associated documentation or information are expressly subject 
to the terms and conditions of the Altera Program License 
Subscription Agreement, Altera MegaCore Function License 
Agreement, or other applicable license agreement, including, 
without limitation, that your use is for the sole purpose of 
programming logic devices manufactured by Altera and sold by 
Altera or its authorized distributors.  Please refer to the 
applicable agreement for further details.



+---------------------------------------------------------------------------------------+
; Flow Summary                                                                          ;
+------------------------------------+--------------------------------------------------+
; Flow Status                        ; Successful - Fri Mar 27 11:52:17 2015            ;
; Quartus II 64-Bit Version          ; 13.0.1 Build 232 06/12/2013 SP 1 SJ Full Version ;
; Revision Name                      ; stopwatch                                        ;
; Top-level Entity Name              ; topclockblock                                    ;
; Family                             ; Cyclone III                                      ;
; Device                             ; EP3C16F484C6                                     ;
; Timing Models                      ; Final                                            ;
; Total logic elements               ; 275 / 15,408 ( 2 % )                             ;
;     Total combinational functions  ; 273 / 15,408 ( 2 % )                             ;
;     Dedicated logic registers      ; 202 / 15,408 ( 1 % )                             ;
; Total registers                    ; 202                                              ;
; Total pins                         ; 34 / 347 ( 10 % )                                ;
; Total virtual pins                 ; 0                                                ;
; Total memory bits                  ; 0 / 516,096 ( 0 % )                              ;
; Embedded Multiplier 9-bit elements ; 0 / 112 ( 0 % )                                  ;
; Total PLLs                         ; 0 / 4 ( 0 % )                                    ;
+------------------------------------+--------------------------------------------------+


+-----------------------------------------+
; Flow Settings                           ;
+-------------------+---------------------+
; Option            ; Setting             ;
+-------------------+---------------------+
; Start date & time ; 03/27/2015 11:50:25 ;
; Main task         ; Compilation         ;
; Revision Name     ; stopwatch           ;
+-------------------+---------------------+


+-----------------------------------------------------------------------------------------------------------------------+
; Flow Non-Default Global Settings                                                                                      ;
+-------------------------------------+--------------------------------+---------------+---------------+----------------+
; Assignment Name                     ; Value                          ; Default Value ; Entity Name   ; Section Id     ;
+-------------------------------------+--------------------------------+---------------+---------------+----------------+
; COMPILER_SIGNATURE_ID               ; 70787614108778.142745702506692 ; --            ; --            ; --             ;
; EDA_OUTPUT_DATA_FORMAT              ; Verilog Hdl                    ; --            ; --            ; eda_simulation ;
; EDA_SIMULATION_TOOL                 ; ModelSim (Verilog)             ; <None>        ; --            ; --             ;
; EDA_TIME_SCALE                      ; 1 ps                           ; --            ; --            ; eda_simulation ;
; IP_TOOL_NAME                        ; LPM_MUX                        ; --            ; --            ; --             ;
; IP_TOOL_NAME                        ; LPM_COUNTER                    ; --            ; --            ; --             ;
; IP_TOOL_NAME                        ; LPM_COMPARE                    ; --            ; --            ; --             ;
; IP_TOOL_NAME                        ; LPM_COUNTER                    ; --            ; --            ; --             ;
; IP_TOOL_NAME                        ; LPM_COMPARE                    ; --            ; --            ; --             ;
; IP_TOOL_NAME                        ; LPM_CLSHIFT                    ; --            ; --            ; --             ;
; IP_TOOL_NAME                        ; ALTCLKCTRL                     ; --            ; --            ; --             ;
; IP_TOOL_NAME                        ; LPM_COUNTER                    ; --            ; --            ; --             ;
; IP_TOOL_NAME                        ; LPM_COMPARE                    ; --            ; --            ; --             ;
; IP_TOOL_NAME                        ; LPM_COUNTER                    ; --            ; --            ; --             ;
; IP_TOOL_NAME                        ; LPM_COUNTER                    ; --            ; --            ; --             ;
; IP_TOOL_NAME                        ; LPM_COMPARE                    ; --            ; --            ; --             ;
; IP_TOOL_NAME                        ; LPM_COMPARE                    ; --            ; --            ; --             ;
; IP_TOOL_NAME                        ; LPM_COUNTER                    ; --            ; --            ; --             ;
; IP_TOOL_NAME                        ; ALTCLKCTRL                     ; --            ; --            ; --             ;
; IP_TOOL_NAME                        ; LPM_COMPARE                    ; --            ; --            ; --             ;
; IP_TOOL_NAME                        ; LPM_COUNTER                    ; --            ; --            ; --             ;
; IP_TOOL_NAME                        ; LPM_COMPARE                    ; --            ; --            ; --             ;
; IP_TOOL_NAME                        ; LPM_MUX                        ; --            ; --            ; --             ;
; IP_TOOL_NAME                        ; LPM_MUX                        ; --            ; --            ; --             ;
; IP_TOOL_VERSION                     ; 13.0                           ; --            ; --            ; --             ;
; IP_TOOL_VERSION                     ; 13.0                           ; --            ; --            ; --             ;
; IP_TOOL_VERSION                     ; 13.0                           ; --            ; --            ; --             ;
; IP_TOOL_VERSION                     ; 13.0                           ; --            ; --            ; --             ;
; IP_TOOL_VERSION                     ; 13.0                           ; --            ; --            ; --             ;
; IP_TOOL_VERSION                     ; 13.0                           ; --            ; --            ; --             ;
; IP_TOOL_VERSION                     ; 13.0                           ; --            ; --            ; --             ;
; IP_TOOL_VERSION                     ; 13.0                           ; --            ; --            ; --             ;
; IP_TOOL_VERSION                     ; 13.0                           ; --            ; --            ; --             ;
; IP_TOOL_VERSION                     ; 13.0                           ; --            ; --            ; --             ;
; IP_TOOL_VERSION                     ; 13.0                           ; --            ; --            ; --             ;
; IP_TOOL_VERSION                     ; 13.0                           ; --            ; --            ; --             ;
; IP_TOOL_VERSION                     ; 13.0                           ; --            ; --            ; --             ;
; IP_TOOL_VERSION                     ; 13.0                           ; --            ; --            ; --             ;
; IP_TOOL_VERSION                     ; 13.0                           ; --            ; --            ; --             ;
; IP_TOOL_VERSION                     ; 13.0                           ; --            ; --            ; --             ;
; IP_TOOL_VERSION                     ; 13.0                           ; --            ; --            ; --             ;
; IP_TOOL_VERSION                     ; 13.0                           ; --            ; --            ; --             ;
; IP_TOOL_VERSION                     ; 13.0                           ; --            ; --            ; --             ;
; IP_TOOL_VERSION                     ; 13.0                           ; --            ; --            ; --             ;
; MAX_CORE_JUNCTION_TEMP              ; 85                             ; --            ; --            ; --             ;
; MIN_CORE_JUNCTION_TEMP              ; 0                              ; --            ; --            ; --             ;
; MISC_FILE                           ; lpm_mux0.bsf                   ; --            ; --            ; --             ;
; MISC_FILE                           ; lpm_mux0.cmp                   ; --            ; --            ; --             ;
; MISC_FILE                           ; lpm_counter0.bsf               ; --            ; --            ; --             ;
; MISC_FILE                           ; lpm_counter0.cmp               ; --            ; --            ; --             ;
; MISC_FILE                           ; lpm_compare0.bsf               ; --            ; --            ; --             ;
; MISC_FILE                           ; lpm_compare0.cmp               ; --            ; --            ; --             ;
; MISC_FILE                           ; lpm_counter1.bsf               ; --            ; --            ; --             ;
; MISC_FILE                           ; lpm_counter1.cmp               ; --            ; --            ; --             ;
; MISC_FILE                           ; lpm_compare1.bsf               ; --            ; --            ; --             ;
; MISC_FILE                           ; lpm_compare1.cmp               ; --            ; --            ; --             ;
; MISC_FILE                           ; lpm_clshift0.bsf               ; --            ; --            ; --             ;
; MISC_FILE                           ; lpm_clshift0.cmp               ; --            ; --            ; --             ;
; MISC_FILE                           ; altclkctrl0.bsf                ; --            ; --            ; --             ;
; MISC_FILE                           ; altclkctrl0.cmp                ; --            ; --            ; --             ;
; MISC_FILE                           ; lpm_counter2.bsf               ; --            ; --            ; --             ;
; MISC_FILE                           ; lpm_counter2.cmp               ; --            ; --            ; --             ;
; MISC_FILE                           ; lpm_compare2.bsf               ; --            ; --            ; --             ;
; MISC_FILE                           ; lpm_compare2.cmp               ; --            ; --            ; --             ;
; MISC_FILE                           ; lpm_counter3.bsf               ; --            ; --            ; --             ;
; MISC_FILE                           ; lpm_counter3.cmp               ; --            ; --            ; --             ;
; MISC_FILE                           ; lpm_counter4.bsf               ; --            ; --            ; --             ;
; MISC_FILE                           ; lpm_counter4.cmp               ; --            ; --            ; --             ;
; MISC_FILE                           ; lpm_compare3.bsf               ; --            ; --            ; --             ;
; MISC_FILE                           ; lpm_compare3.cmp               ; --            ; --            ; --             ;
; MISC_FILE                           ; lpm_compare4.bsf               ; --            ; --            ; --             ;
; MISC_FILE                           ; lpm_compare4.cmp               ; --            ; --            ; --             ;
; MISC_FILE                           ; lpm_counter5.bsf               ; --            ; --            ; --             ;
; MISC_FILE                           ; lpm_counter5.cmp               ; --            ; --            ; --             ;
; MISC_FILE                           ; altclkctrl1.bsf                ; --            ; --            ; --             ;
; MISC_FILE                           ; altclkctrl1.cmp                ; --            ; --            ; --             ;
; MISC_FILE                           ; lpm_compare5.bsf               ; --            ; --            ; --             ;
; MISC_FILE                           ; lpm_compare5.cmp               ; --            ; --            ; --             ;
; MISC_FILE                           ; lpm_counter6.bsf               ; --            ; --            ; --             ;
; MISC_FILE                           ; lpm_counter6.cmp               ; --            ; --            ; --             ;
; MISC_FILE                           ; lpm_compare6.bsf               ; --            ; --            ; --             ;
; MISC_FILE                           ; lpm_compare6.cmp               ; --            ; --            ; --             ;
; MISC_FILE                           ; lpm_mux1.bsf                   ; --            ; --            ; --             ;
; MISC_FILE                           ; lpm_mux1.cmp                   ; --            ; --            ; --             ;
; MISC_FILE                           ; lpm_mux2.bsf                   ; --            ; --            ; --             ;
; MISC_FILE                           ; lpm_mux2.cmp                   ; --            ; --            ; --             ;
; NOMINAL_CORE_SUPPLY_VOLTAGE         ; 1.2V                           ; --            ; --            ; --             ;
; PARTITION_COLOR                     ; 16764057                       ; --            ; topclockblock ; Top            ;
; PARTITION_FITTER_PRESERVATION_LEVEL ; PLACEMENT_AND_ROUTING          ; --            ; topclockblock ; Top            ;
; PARTITION_NETLIST_TYPE              ; SOURCE                         ; --            ; topclockblock ; Top            ;
; PROJECT_OUTPUT_DIRECTORY            ; output_files                   ; --            ; --            ; --             ;
; TOP_LEVEL_ENTITY                    ; topclockblock                  ; stopwatch     ; --            ; --             ;
+-------------------------------------+--------------------------------+---------------+---------------+----------------+


+-------------------------------------------------------------------------------------------------------------------------------+
; Flow Elapsed Time                                                                                                             ;
+---------------------------+--------------+-------------------------+---------------------+------------------------------------+
; Module Name               ; Elapsed Time ; Average Processors Used ; Peak Virtual Memory ; Total CPU Time (on all processors) ;
+---------------------------+--------------+-------------------------+---------------------+------------------------------------+
; Analysis & Synthesis      ; 00:00:33     ; 1.0                     ; 529 MB              ; 00:00:12                           ;
; Fitter                    ; 00:00:27     ; 1.1                     ; 921 MB              ; 00:00:15                           ;
; Assembler                 ; 00:00:02     ; 1.0                     ; 427 MB              ; 00:00:02                           ;
; TimeQuest Timing Analyzer ; 00:00:12     ; 1.0                     ; 477 MB              ; 00:00:05                           ;
; EDA Netlist Writer        ; 00:00:05     ; 1.0                     ; 392 MB              ; 00:00:02                           ;
; Total                     ; 00:01:19     ; --                      ; --                  ; 00:00:36                           ;
+---------------------------+--------------+-------------------------+---------------------+------------------------------------+


+----------------------------------------------------------------------------------------+
; Flow OS Summary                                                                        ;
+---------------------------+------------------+-----------+------------+----------------+
; Module Name               ; Machine Hostname ; OS Name   ; OS Version ; Processor type ;
+---------------------------+------------------+-----------+------------+----------------+
; Analysis & Synthesis      ; eews104a-019     ; Windows 7 ; 6.1        ; x86_64         ;
; Fitter                    ; eews104a-019     ; Windows 7 ; 6.1        ; x86_64         ;
; Assembler                 ; eews104a-019     ; Windows 7 ; 6.1        ; x86_64         ;
; TimeQuest Timing Analyzer ; eews104a-019     ; Windows 7 ; 6.1        ; x86_64         ;
; EDA Netlist Writer        ; eews104a-019     ; Windows 7 ; 6.1        ; x86_64         ;
+---------------------------+------------------+-----------+------------+----------------+


------------
; Flow Log ;
------------
quartus_map --read_settings_files=on --write_settings_files=off stopwatch -c stopwatch
quartus_fit --read_settings_files=off --write_settings_files=off stopwatch -c stopwatch
quartus_asm --read_settings_files=off --write_settings_files=off stopwatch -c stopwatch
quartus_sta stopwatch -c stopwatch
quartus_eda --read_settings_files=off --write_settings_files=off stopwatch -c stopwatch



